2016-12-04 16:31:49,361 [Dummy-1:1800] [django.db.backends:89] [utils:execute] [DEBUG]- (0.038) SET SQL_AUTO_IS_NULL = 0; args=None
2016-12-04 16:31:49,789 [Dummy-1:1800] [django.db.backends:89] [utils:execute] [DEBUG]- (0.037) SET SQL_AUTO_IS_NULL = 0; args=None
2016-12-04 16:31:49,828 [Dummy-1:1800] [django.db.backends:89] [utils:execute] [DEBUG]- (0.037) SHOW FULL TABLES; args=None
2016-12-04 16:31:49,828 [Dummy-1:1800] [django.db.backends.schema:98] [schema:execute] [DEBUG]- CREATE TABLE `django_migrations` (`id` integer AUTO_INCREMENT NOT NULL PRIMARY KEY, `app` varchar(255) NOT NULL, `name` varchar(255) NOT NULL, `applied` datetime NOT NULL); (params None)
2016-12-04 16:31:49,921 [Dummy-1:1800] [django.db.backends:89] [utils:execute] [DEBUG]- (0.093) CREATE TABLE `django_migrations` (`id` integer AUTO_INCREMENT NOT NULL PRIMARY KEY, `app` varchar(255) NOT NULL, `name` varchar(255) NOT NULL, `applied` datetime NOT NULL); args=None
2016-12-04 16:31:50,028 [Dummy-1:1800] [django.db.backends:89] [utils:execute] [DEBUG]- (0.041) SELECT engine FROM information_schema.tables WHERE table_name = 'django_migrations'; args=[u'django_migrations']
2016-12-04 16:31:50,213 [Dummy-1:1800] [django.db.backends:89] [utils:execute] [DEBUG]- (0.038) SELECT `django_migrations`.`app`, `django_migrations`.`name` FROM `django_migrations`; args=()
2016-12-04 16:33:03,934 [Dummy-1:9744] [django.db.backends:89] [utils:execute] [DEBUG]- (0.040) SET SQL_AUTO_IS_NULL = 0; args=None
2016-12-04 16:33:04,220 [Dummy-1:9744] [django.db.backends:89] [utils:execute] [DEBUG]- (0.037) SET SQL_AUTO_IS_NULL = 0; args=None
2016-12-04 16:33:04,259 [Dummy-1:9744] [django.db.backends:89] [utils:execute] [DEBUG]- (0.039) SHOW FULL TABLES; args=None
2016-12-04 16:33:04,301 [Dummy-1:9744] [django.db.backends:89] [utils:execute] [DEBUG]- (0.039) SELECT `django_migrations`.`app`, `django_migrations`.`name` FROM `django_migrations`; args=()
2016-12-04 16:35:58,928 [Dummy-1:4276] [django.db.backends:89] [utils:execute] [DEBUG]- (0.038) SET SQL_AUTO_IS_NULL = 0; args=None
2016-12-04 16:35:59,375 [Dummy-1:4276] [django.db.backends:89] [utils:execute] [DEBUG]- (0.042) SET SQL_AUTO_IS_NULL = 0; args=None
2016-12-04 16:35:59,411 [Dummy-1:4276] [django.db.backends:89] [utils:execute] [DEBUG]- (0.037) SHOW FULL TABLES; args=None
2016-12-04 16:35:59,545 [Dummy-1:4276] [django.db.backends:89] [utils:execute] [DEBUG]- (0.038) SELECT `django_migrations`.`app`, `django_migrations`.`name` FROM `django_migrations`; args=()
2016-12-04 19:15:58,842 [MainThread:7264] [django.db.backends:89] [utils:execute] [DEBUG]- (0.031) SET SQL_AUTO_IS_NULL = 0; args=None
2016-12-04 19:16:15,617 [MainThread:13172] [django.db.backends:89] [utils:execute] [DEBUG]- (0.047) SET SQL_AUTO_IS_NULL = 0; args=None
2016-12-04 19:16:15,944 [MainThread:13172] [django.db.backends:89] [utils:execute] [DEBUG]- (0.031) SET SQL_AUTO_IS_NULL = 0; args=None
2016-12-04 19:16:15,992 [MainThread:13172] [django.db.backends:89] [utils:execute] [DEBUG]- (0.047) SHOW FULL TABLES; args=None
2016-12-04 19:16:16,101 [MainThread:13172] [django.db.backends:89] [utils:execute] [DEBUG]- (0.047) SELECT `django_migrations`.`app`, `django_migrations`.`name` FROM `django_migrations`; args=()
2016-12-04 19:16:16,148 [MainThread:13172] [django.db.backends:89] [utils:execute] [DEBUG]- (0.047) SHOW FULL TABLES; args=None
2016-12-04 19:16:17,155 [MainThread:13172] [django.db.backends:89] [utils:execute] [DEBUG]- (0.047) SET foreign_key_checks=0; args=None
2016-12-04 19:16:17,247 [MainThread:13172] [django.db.backends:89] [utils:execute] [DEBUG]- (0.045) SET foreign_key_checks=1; args=None
2016-12-04 19:16:17,601 [MainThread:13172] [django.db.backends:89] [utils:execute] [DEBUG]- (0.031) SET SQL_AUTO_IS_NULL = 0; args=None
2016-12-04 19:16:17,680 [MainThread:13172] [django.db.backends:89] [utils:execute] [DEBUG]- (0.031) SET foreign_key_checks=0; args=None
2016-12-04 19:16:17,726 [MainThread:13172] [django.db.backends:89] [utils:execute] [DEBUG]- (0.031) SET foreign_key_checks=1; args=None
2016-12-04 19:16:18,305 [MainThread:13172] [django.db.backends.schema:98] [schema:execute] [DEBUG]- CREATE TABLE `django_content_type` (`id` integer AUTO_INCREMENT NOT NULL PRIMARY KEY, `name` varchar(100) NOT NULL, `app_label` varchar(100) NOT NULL, `model` varchar(100) NOT NULL); (params None)
2016-12-04 19:16:18,562 [MainThread:13172] [django.db.backends:89] [utils:execute] [DEBUG]- (0.031) SET SQL_AUTO_IS_NULL = 0; args=None
2016-12-04 19:16:18,640 [MainThread:13172] [django.db.backends:89] [utils:execute] [DEBUG]- (0.078) CREATE TABLE `django_content_type` (`id` integer AUTO_INCREMENT NOT NULL PRIMARY KEY, `name` varchar(100) NOT NULL, `app_label` varchar(100) NOT NULL, `model` varchar(100) NOT NULL); args=None
2016-12-04 19:16:18,671 [MainThread:13172] [django.db.backends:89] [utils:execute] [DEBUG]- (0.032) SELECT engine FROM information_schema.tables WHERE table_name = 'django_content_type'; args=[u'django_content_type']
2016-12-04 19:16:18,671 [MainThread:13172] [django.db.backends.schema:98] [schema:execute] [DEBUG]- ALTER TABLE `django_content_type` ADD CONSTRAINT `django_content_type_app_label_3ec8c61c_uniq` UNIQUE (`app_label`, `model`); (params [])
2016-12-04 19:16:18,750 [MainThread:13172] [django.db.backends:89] [utils:execute] [DEBUG]- (0.078) ALTER TABLE `django_content_type` ADD CONSTRAINT `django_content_type_app_label_3ec8c61c_uniq` UNIQUE (`app_label`, `model`); args=[]
2016-12-04 19:16:18,780 [MainThread:13172] [django.db.backends:89] [utils:execute] [DEBUG]- (0.031) SHOW FULL TABLES; args=None
2016-12-04 19:16:18,858 [MainThread:13172] [django.db.backends:89] [utils:execute] [DEBUG]- (0.047) INSERT INTO `django_migrations` (`app`, `name`, `applied`) VALUES ('contenttypes', '0001_initial', '2016-12-04 19:16:18.781000'); args=['contenttypes', u'0001_initial', u'2016-12-04 19:16:18.781000']
2016-12-04 19:16:18,937 [MainThread:13172] [django.db.backends.schema:98] [schema:execute] [DEBUG]- CREATE TABLE `auth_permission` (`id` integer AUTO_INCREMENT NOT NULL PRIMARY KEY, `name` varchar(50) NOT NULL, `content_type_id` integer NOT NULL, `codename` varchar(100) NOT NULL, UNIQUE (`content_type_id`, `codename`)); (params None)
2016-12-04 19:16:19,000 [MainThread:13172] [django.db.backends:89] [utils:execute] [DEBUG]- (0.063) CREATE TABLE `auth_permission` (`id` integer AUTO_INCREMENT NOT NULL PRIMARY KEY, `name` varchar(50) NOT NULL, `content_type_id` integer NOT NULL, `codename` varchar(100) NOT NULL, UNIQUE (`content_type_id`, `codename`)); args=None
2016-12-04 19:16:19,030 [MainThread:13172] [django.db.backends:89] [utils:execute] [DEBUG]- (0.031) SELECT engine FROM information_schema.tables WHERE table_name = 'auth_permission'; args=[u'auth_permission']
2016-12-04 19:16:19,092 [MainThread:13172] [django.db.backends.schema:98] [schema:execute] [DEBUG]- CREATE TABLE `auth_group` (`id` integer AUTO_INCREMENT NOT NULL PRIMARY KEY, `name` varchar(80) NOT NULL UNIQUE); (params None)
2016-12-04 19:16:19,155 [MainThread:13172] [django.db.backends:89] [utils:execute] [DEBUG]- (0.063) CREATE TABLE `auth_group` (`id` integer AUTO_INCREMENT NOT NULL PRIMARY KEY, `name` varchar(80) NOT NULL UNIQUE); args=None
2016-12-04 19:16:19,187 [MainThread:13172] [django.db.backends:89] [utils:execute] [DEBUG]- (0.031) SELECT engine FROM information_schema.tables WHERE table_name = 'auth_group'; args=[u'auth_group']
2016-12-04 19:16:19,187 [MainThread:13172] [django.db.backends.schema:98] [schema:execute] [DEBUG]- CREATE TABLE `auth_group_permissions` (`id` integer AUTO_INCREMENT NOT NULL PRIMARY KEY, `group_id` integer NOT NULL, `permission_id` integer NOT NULL, UNIQUE (`group_id`, `permission_id`)); (params None)
2016-12-04 19:16:19,233 [MainThread:13172] [django.db.backends:89] [utils:execute] [DEBUG]- (0.047) CREATE TABLE `auth_group_permissions` (`id` integer AUTO_INCREMENT NOT NULL PRIMARY KEY, `group_id` integer NOT NULL, `permission_id` integer NOT NULL, UNIQUE (`group_id`, `permission_id`)); args=None
2016-12-04 19:16:19,280 [MainThread:13172] [django.db.backends:89] [utils:execute] [DEBUG]- (0.047) SELECT engine FROM information_schema.tables WHERE table_name = 'auth_group_permissions'; args=[u'auth_group_permissions']
2016-12-04 19:16:19,296 [MainThread:13172] [django.db.backends.schema:98] [schema:execute] [DEBUG]- CREATE TABLE `auth_user` (`id` integer AUTO_INCREMENT NOT NULL PRIMARY KEY, `password` varchar(128) NOT NULL, `last_login` datetime NOT NULL, `is_superuser` bool NOT NULL, `username` varchar(30) NOT NULL UNIQUE, `first_name` varchar(30) NOT NULL, `last_name` varchar(30) NOT NULL, `email` varchar(75) NOT NULL, `is_staff` bool NOT NULL, `is_active` bool NOT NULL, `date_joined` datetime NOT NULL); (params None)
2016-12-04 19:16:19,358 [MainThread:13172] [django.db.backends:89] [utils:execute] [DEBUG]- (0.062) CREATE TABLE `auth_user` (`id` integer AUTO_INCREMENT NOT NULL PRIMARY KEY, `password` varchar(128) NOT NULL, `last_login` datetime NOT NULL, `is_superuser` bool NOT NULL, `username` varchar(30) NOT NULL UNIQUE, `first_name` varchar(30) NOT NULL, `last_name` varchar(30) NOT NULL, `email` varchar(75) NOT NULL, `is_staff` bool NOT NULL, `is_active` bool NOT NULL, `date_joined` datetime NOT NULL); args=None
2016-12-04 19:16:19,405 [MainThread:13172] [django.db.backends:89] [utils:execute] [DEBUG]- (0.047) SELECT engine FROM information_schema.tables WHERE table_name = 'auth_user'; args=[u'auth_user']
2016-12-04 19:16:19,405 [MainThread:13172] [django.db.backends.schema:98] [schema:execute] [DEBUG]- CREATE TABLE `auth_user_groups` (`id` integer AUTO_INCREMENT NOT NULL PRIMARY KEY, `user_id` integer NOT NULL, `group_id` integer NOT NULL, UNIQUE (`user_id`, `group_id`)); (params None)
2016-12-04 19:16:19,467 [MainThread:13172] [django.db.backends:89] [utils:execute] [DEBUG]- (0.062) CREATE TABLE `auth_user_groups` (`id` integer AUTO_INCREMENT NOT NULL PRIMARY KEY, `user_id` integer NOT NULL, `group_id` integer NOT NULL, UNIQUE (`user_id`, `group_id`)); args=None
2016-12-04 19:16:19,500 [MainThread:13172] [django.db.backends:89] [utils:execute] [DEBUG]- (0.032) SELECT engine FROM information_schema.tables WHERE table_name = 'auth_user_groups'; args=[u'auth_user_groups']
2016-12-04 19:16:19,500 [MainThread:13172] [django.db.backends.schema:98] [schema:execute] [DEBUG]- CREATE TABLE `auth_user_user_permissions` (`id` integer AUTO_INCREMENT NOT NULL PRIMARY KEY, `user_id` integer NOT NULL, `permission_id` integer NOT NULL, UNIQUE (`user_id`, `permission_id`)); (params None)
2016-12-04 19:16:19,562 [MainThread:13172] [django.db.backends:89] [utils:execute] [DEBUG]- (0.062) CREATE TABLE `auth_user_user_permissions` (`id` integer AUTO_INCREMENT NOT NULL PRIMARY KEY, `user_id` integer NOT NULL, `permission_id` integer NOT NULL, UNIQUE (`user_id`, `permission_id`)); args=None
2016-12-04 19:16:19,592 [MainThread:13172] [django.db.backends:89] [utils:execute] [DEBUG]- (0.031) SELECT engine FROM information_schema.tables WHERE table_name = 'auth_user_user_permissions'; args=[u'auth_user_user_permissions']
2016-12-04 19:16:19,608 [MainThread:13172] [django.db.backends.schema:98] [schema:execute] [DEBUG]- ALTER TABLE `auth_permission` ADD CONSTRAINT `auth_permissi_content_type_id_51277a81_fk_django_content_type_id` FOREIGN KEY (`content_type_id`) REFERENCES `django_content_type` (`id`); (params [])
2016-12-04 19:16:19,671 [MainThread:13172] [django.db.backends:89] [utils:execute] [DEBUG]- (0.063) ALTER TABLE `auth_permission` ADD CONSTRAINT `auth_permissi_content_type_id_51277a81_fk_django_content_type_id` FOREIGN KEY (`content_type_id`) REFERENCES `django_content_type` (`id`); args=[]
2016-12-04 19:16:19,671 [MainThread:13172] [django.db.backends.schema:98] [schema:execute] [DEBUG]- CREATE INDEX `auth_permission_417f1b1c` ON `auth_permission` (`content_type_id`); (params [])
2016-12-04 19:16:19,733 [MainThread:13172] [django.db.backends:89] [utils:execute] [DEBUG]- (0.062) CREATE INDEX `auth_permission_417f1b1c` ON `auth_permission` (`content_type_id`); args=[]
2016-12-04 19:16:19,733 [MainThread:13172] [django.db.backends.schema:98] [schema:execute] [DEBUG]- ALTER TABLE `auth_group_permissions` ADD CONSTRAINT `auth_group_permissions_group_id_58c48ba9_fk_auth_group_id` FOREIGN KEY (`group_id`) REFERENCES `auth_group` (`id`); (params [])
2016-12-04 19:16:19,796 [MainThread:13172] [django.db.backends:89] [utils:execute] [DEBUG]- (0.063) ALTER TABLE `auth_group_permissions` ADD CONSTRAINT `auth_group_permissions_group_id_58c48ba9_fk_auth_group_id` FOREIGN KEY (`group_id`) REFERENCES `auth_group` (`id`); args=[]
2016-12-04 19:16:19,812 [MainThread:13172] [django.db.backends.schema:98] [schema:execute] [DEBUG]- ALTER TABLE `auth_group_permissions` ADD CONSTRAINT `auth_group_permissi_permission_id_23962d04_fk_auth_permission_id` FOREIGN KEY (`permission_id`) REFERENCES `auth_permission` (`id`); (params [])
2016-12-04 19:16:19,875 [MainThread:13172] [django.db.backends:89] [utils:execute] [DEBUG]- (0.063) ALTER TABLE `auth_group_permissions` ADD CONSTRAINT `auth_group_permissi_permission_id_23962d04_fk_auth_permission_id` FOREIGN KEY (`permission_id`) REFERENCES `auth_permission` (`id`); args=[]
2016-12-04 19:16:19,875 [MainThread:13172] [django.db.backends.schema:98] [schema:execute] [DEBUG]- CREATE INDEX `auth_group_permissions_0e939a4f` ON `auth_group_permissions` (`group_id`); (params [])
2016-12-04 19:16:19,937 [MainThread:13172] [django.db.backends:89] [utils:execute] [DEBUG]- (0.062) CREATE INDEX `auth_group_permissions_0e939a4f` ON `auth_group_permissions` (`group_id`); args=[]
2016-12-04 19:16:19,937 [MainThread:13172] [django.db.backends.schema:98] [schema:execute] [DEBUG]- CREATE INDEX `auth_group_permissions_8373b171` ON `auth_group_permissions` (`permission_id`); (params [])
2016-12-04 19:16:20,000 [MainThread:13172] [django.db.backends:89] [utils:execute] [DEBUG]- (0.063) CREATE INDEX `auth_group_permissions_8373b171` ON `auth_group_permissions` (`permission_id`); args=[]
2016-12-04 19:16:20,015 [MainThread:13172] [django.db.backends.schema:98] [schema:execute] [DEBUG]- ALTER TABLE `auth_user_groups` ADD CONSTRAINT `auth_user_groups_user_id_24702650_fk_auth_user_id` FOREIGN KEY (`user_id`) REFERENCES `auth_user` (`id`); (params [])
2016-12-04 19:16:20,078 [MainThread:13172] [django.db.backends:89] [utils:execute] [DEBUG]- (0.063) ALTER TABLE `auth_user_groups` ADD CONSTRAINT `auth_user_groups_user_id_24702650_fk_auth_user_id` FOREIGN KEY (`user_id`) REFERENCES `auth_user` (`id`); args=[]
2016-12-04 19:16:20,078 [MainThread:13172] [django.db.backends.schema:98] [schema:execute] [DEBUG]- ALTER TABLE `auth_user_groups` ADD CONSTRAINT `auth_user_groups_group_id_30a071c9_fk_auth_group_id` FOREIGN KEY (`group_id`) REFERENCES `auth_group` (`id`); (params [])
2016-12-04 19:16:20,140 [MainThread:13172] [django.db.backends:89] [utils:execute] [DEBUG]- (0.062) ALTER TABLE `auth_user_groups` ADD CONSTRAINT `auth_user_groups_group_id_30a071c9_fk_auth_group_id` FOREIGN KEY (`group_id`) REFERENCES `auth_group` (`id`); args=[]
2016-12-04 19:16:20,140 [MainThread:13172] [django.db.backends.schema:98] [schema:execute] [DEBUG]- CREATE INDEX `auth_user_groups_e8701ad4` ON `auth_user_groups` (`user_id`); (params [])
2016-12-04 19:16:20,203 [MainThread:13172] [django.db.backends:89] [utils:execute] [DEBUG]- (0.063) CREATE INDEX `auth_user_groups_e8701ad4` ON `auth_user_groups` (`user_id`); args=[]
2016-12-04 19:16:20,203 [MainThread:13172] [django.db.backends.schema:98] [schema:execute] [DEBUG]- CREATE INDEX `auth_user_groups_0e939a4f` ON `auth_user_groups` (`group_id`); (params [])
2016-12-04 19:16:20,265 [MainThread:13172] [django.db.backends:89] [utils:execute] [DEBUG]- (0.062) CREATE INDEX `auth_user_groups_0e939a4f` ON `auth_user_groups` (`group_id`); args=[]
2016-12-04 19:16:20,265 [MainThread:13172] [django.db.backends.schema:98] [schema:execute] [DEBUG]- ALTER TABLE `auth_user_user_permissions` ADD CONSTRAINT `auth_user_user_permissions_user_id_7cd7acb6_fk_auth_user_id` FOREIGN KEY (`user_id`) REFERENCES `auth_user` (`id`); (params [])
2016-12-04 19:16:20,349 [MainThread:13172] [django.db.backends:89] [utils:execute] [DEBUG]- (0.069) ALTER TABLE `auth_user_user_permissions` ADD CONSTRAINT `auth_user_user_permissions_user_id_7cd7acb6_fk_auth_user_id` FOREIGN KEY (`user_id`) REFERENCES `auth_user` (`id`); args=[]
2016-12-04 19:16:20,349 [MainThread:13172] [django.db.backends.schema:98] [schema:execute] [DEBUG]- ALTER TABLE `auth_user_user_permissions` ADD CONSTRAINT `auth_user_user_perm_permission_id_3d7071f0_fk_auth_permission_id` FOREIGN KEY (`permission_id`) REFERENCES `auth_permission` (`id`); (params [])
2016-12-04 19:16:20,413 [MainThread:13172] [django.db.backends:89] [utils:execute] [DEBUG]- (0.063) ALTER TABLE `auth_user_user_permissions` ADD CONSTRAINT `auth_user_user_perm_permission_id_3d7071f0_fk_auth_permission_id` FOREIGN KEY (`permission_id`) REFERENCES `auth_permission` (`id`); args=[]
2016-12-04 19:16:20,413 [MainThread:13172] [django.db.backends.schema:98] [schema:execute] [DEBUG]- CREATE INDEX `auth_user_user_permissions_e8701ad4` ON `auth_user_user_permissions` (`user_id`); (params [])
2016-12-04 19:16:20,490 [MainThread:13172] [django.db.backends:89] [utils:execute] [DEBUG]- (0.078) CREATE INDEX `auth_user_user_permissions_e8701ad4` ON `auth_user_user_permissions` (`user_id`); args=[]
2016-12-04 19:16:20,490 [MainThread:13172] [django.db.backends.schema:98] [schema:execute] [DEBUG]- CREATE INDEX `auth_user_user_permissions_8373b171` ON `auth_user_user_permissions` (`permission_id`); (params [])
2016-12-04 19:16:20,569 [MainThread:13172] [django.db.backends:89] [utils:execute] [DEBUG]- (0.078) CREATE INDEX `auth_user_user_permissions_8373b171` ON `auth_user_user_permissions` (`permission_id`); args=[]
2016-12-04 19:16:20,599 [MainThread:13172] [django.db.backends:89] [utils:execute] [DEBUG]- (0.031) SHOW FULL TABLES; args=None
2016-12-04 19:16:20,678 [MainThread:13172] [django.db.backends:89] [utils:execute] [DEBUG]- (0.032) INSERT INTO `django_migrations` (`app`, `name`, `applied`) VALUES ('auth', '0001_initial', '2016-12-04 19:16:20.600000'); args=['auth', u'0001_initial', u'2016-12-04 19:16:20.600000']
2016-12-04 19:16:20,772 [MainThread:13172] [django.db.backends.schema:98] [schema:execute] [DEBUG]- CREATE TABLE `django_admin_log` (`id` integer AUTO_INCREMENT NOT NULL PRIMARY KEY, `action_time` datetime NOT NULL, `object_id` longtext NULL, `object_repr` varchar(200) NOT NULL, `action_flag` smallint UNSIGNED NOT NULL, `change_message` longtext NOT NULL, `content_type_id` integer NULL, `user_id` integer NOT NULL); (params None)
2016-12-04 19:16:20,835 [MainThread:13172] [django.db.backends:89] [utils:execute] [DEBUG]- (0.063) CREATE TABLE `django_admin_log` (`id` integer AUTO_INCREMENT NOT NULL PRIMARY KEY, `action_time` datetime NOT NULL, `object_id` longtext NULL, `object_repr` varchar(200) NOT NULL, `action_flag` smallint UNSIGNED NOT NULL, `change_message` longtext NOT NULL, `content_type_id` integer NULL, `user_id` integer NOT NULL); args=None
2016-12-04 19:16:20,865 [MainThread:13172] [django.db.backends:89] [utils:execute] [DEBUG]- (0.031) SELECT engine FROM information_schema.tables WHERE table_name = 'django_admin_log'; args=[u'django_admin_log']
2016-12-04 19:16:20,865 [MainThread:13172] [django.db.backends.schema:98] [schema:execute] [DEBUG]- ALTER TABLE `django_admin_log` ADD CONSTRAINT `django_admin__content_type_id_5151027a_fk_django_content_type_id` FOREIGN KEY (`content_type_id`) REFERENCES `django_content_type` (`id`); (params [])
2016-12-04 19:16:20,944 [MainThread:13172] [django.db.backends:89] [utils:execute] [DEBUG]- (0.078) ALTER TABLE `django_admin_log` ADD CONSTRAINT `django_admin__content_type_id_5151027a_fk_django_content_type_id` FOREIGN KEY (`content_type_id`) REFERENCES `django_content_type` (`id`); args=[]
2016-12-04 19:16:20,944 [MainThread:13172] [django.db.backends.schema:98] [schema:execute] [DEBUG]- ALTER TABLE `django_admin_log` ADD CONSTRAINT `django_admin_log_user_id_1c5f563_fk_auth_user_id` FOREIGN KEY (`user_id`) REFERENCES `auth_user` (`id`); (params [])
2016-12-04 19:16:21,006 [MainThread:13172] [django.db.backends:89] [utils:execute] [DEBUG]- (0.063) ALTER TABLE `django_admin_log` ADD CONSTRAINT `django_admin_log_user_id_1c5f563_fk_auth_user_id` FOREIGN KEY (`user_id`) REFERENCES `auth_user` (`id`); args=[]
2016-12-04 19:16:21,006 [MainThread:13172] [django.db.backends.schema:98] [schema:execute] [DEBUG]- CREATE INDEX `django_admin_log_417f1b1c` ON `django_admin_log` (`content_type_id`); (params [])
2016-12-04 19:16:21,069 [MainThread:13172] [django.db.backends:89] [utils:execute] [DEBUG]- (0.062) CREATE INDEX `django_admin_log_417f1b1c` ON `django_admin_log` (`content_type_id`); args=[]
2016-12-04 19:16:21,069 [MainThread:13172] [django.db.backends.schema:98] [schema:execute] [DEBUG]- CREATE INDEX `django_admin_log_e8701ad4` ON `django_admin_log` (`user_id`); (params [])
2016-12-04 19:16:21,131 [MainThread:13172] [django.db.backends:89] [utils:execute] [DEBUG]- (0.063) CREATE INDEX `django_admin_log_e8701ad4` ON `django_admin_log` (`user_id`); args=[]
2016-12-04 19:16:21,178 [MainThread:13172] [django.db.backends:89] [utils:execute] [DEBUG]- (0.032) SHOW FULL TABLES; args=None
2016-12-04 19:16:21,256 [MainThread:13172] [django.db.backends:89] [utils:execute] [DEBUG]- (0.047) INSERT INTO `django_migrations` (`app`, `name`, `applied`) VALUES ('admin', '0001_initial', '2016-12-04 19:16:21.179000'); args=['admin', u'0001_initial', u'2016-12-04 19:16:21.179000']
2016-12-04 19:16:21,390 [MainThread:13172] [django.db.backends.schema:98] [schema:execute] [DEBUG]- ALTER TABLE `django_content_type` MODIFY `name` varchar(100) NULL; (params [])
2016-12-04 19:16:21,467 [MainThread:13172] [django.db.backends:89] [utils:execute] [DEBUG]- (0.063) ALTER TABLE `django_content_type` MODIFY `name` varchar(100) NULL; args=[]
2016-12-04 19:16:21,592 [MainThread:13172] [django.db.backends.schema:98] [schema:execute] [DEBUG]- ALTER TABLE `django_content_type` DROP COLUMN `name` CASCADE; (params [])
2016-12-04 19:16:21,654 [MainThread:13172] [django.db.backends:89] [utils:execute] [DEBUG]- (0.062) ALTER TABLE `django_content_type` DROP COLUMN `name` CASCADE; args=[]
2016-12-04 19:16:21,701 [MainThread:13172] [django.db.backends:89] [utils:execute] [DEBUG]- (0.047) SHOW FULL TABLES; args=None
2016-12-04 19:16:21,779 [MainThread:13172] [django.db.backends:89] [utils:execute] [DEBUG]- (0.047) INSERT INTO `django_migrations` (`app`, `name`, `applied`) VALUES ('contenttypes', '0002_remove_content_type_name', '2016-12-04 19:16:21.702000'); args=['contenttypes', u'0002_remove_content_type_name', u'2016-12-04 19:16:21.702000']
2016-12-04 19:16:21,874 [MainThread:13172] [django.db.backends.schema:98] [schema:execute] [DEBUG]- ALTER TABLE `auth_permission` MODIFY `name` varchar(255); (params [])
2016-12-04 19:16:21,951 [MainThread:13172] [django.db.backends:89] [utils:execute] [DEBUG]- (0.078) ALTER TABLE `auth_permission` MODIFY `name` varchar(255); args=[]
2016-12-04 19:16:21,983 [MainThread:13172] [django.db.backends:89] [utils:execute] [DEBUG]- (0.031) SHOW FULL TABLES; args=None
2016-12-04 19:16:22,062 [MainThread:13172] [django.db.backends:89] [utils:execute] [DEBUG]- (0.032) INSERT INTO `django_migrations` (`app`, `name`, `applied`) VALUES ('auth', '0002_alter_permission_name_max_length', '2016-12-04 19:16:21.983000'); args=['auth', u'0002_alter_permission_name_max_length', u'2016-12-04 19:16:21.983000']
2016-12-04 19:16:22,154 [MainThread:13172] [django.db.backends.schema:98] [schema:execute] [DEBUG]- ALTER TABLE `auth_user` MODIFY `email` varchar(254); (params [])
2016-12-04 19:16:22,233 [MainThread:13172] [django.db.backends:89] [utils:execute] [DEBUG]- (0.078) ALTER TABLE `auth_user` MODIFY `email` varchar(254); args=[]
2016-12-04 19:16:22,265 [MainThread:13172] [django.db.backends:89] [utils:execute] [DEBUG]- (0.032) SHOW FULL TABLES; args=None
2016-12-04 19:16:22,348 [MainThread:13172] [django.db.backends:89] [utils:execute] [DEBUG]- (0.037) INSERT INTO `django_migrations` (`app`, `name`, `applied`) VALUES ('auth', '0003_alter_user_email_max_length', '2016-12-04 19:16:22.265000'); args=['auth', u'0003_alter_user_email_max_length', u'2016-12-04 19:16:22.265000']
2016-12-04 19:16:22,474 [MainThread:13172] [django.db.backends:89] [utils:execute] [DEBUG]- (0.031) SHOW FULL TABLES; args=None
2016-12-04 19:16:22,552 [MainThread:13172] [django.db.backends:89] [utils:execute] [DEBUG]- (0.031) INSERT INTO `django_migrations` (`app`, `name`, `applied`) VALUES ('auth', '0004_alter_user_username_opts', '2016-12-04 19:16:22.475000'); args=['auth', u'0004_alter_user_username_opts', u'2016-12-04 19:16:22.475000']
2016-12-04 19:16:22,647 [MainThread:13172] [django.db.backends.schema:98] [schema:execute] [DEBUG]- ALTER TABLE `auth_user` MODIFY `last_login` datetime NULL; (params [])
2016-12-04 19:16:22,724 [MainThread:13172] [django.db.backends:89] [utils:execute] [DEBUG]- (0.078) ALTER TABLE `auth_user` MODIFY `last_login` datetime NULL; args=[]
2016-12-04 19:16:22,772 [MainThread:13172] [django.db.backends:89] [utils:execute] [DEBUG]- (0.047) SHOW FULL TABLES; args=None
2016-12-04 19:16:22,865 [MainThread:13172] [django.db.backends:89] [utils:execute] [DEBUG]- (0.047) INSERT INTO `django_migrations` (`app`, `name`, `applied`) VALUES ('auth', '0005_alter_user_last_login_null', '2016-12-04 19:16:22.772000'); args=['auth', u'0005_alter_user_last_login_null', u'2016-12-04 19:16:22.772000']
2016-12-04 19:16:22,990 [MainThread:13172] [django.db.backends:89] [utils:execute] [DEBUG]- (0.047) SHOW FULL TABLES; args=None
2016-12-04 19:16:23,069 [MainThread:13172] [django.db.backends:89] [utils:execute] [DEBUG]- (0.047) INSERT INTO `django_migrations` (`app`, `name`, `applied`) VALUES ('auth', '0006_require_contenttypes_0002', '2016-12-04 19:16:22.991000'); args=['auth', u'0006_require_contenttypes_0002', u'2016-12-04 19:16:22.991000']
2016-12-04 19:16:23,147 [MainThread:13172] [django.db.backends.schema:98] [schema:execute] [DEBUG]- CREATE TABLE `django_session` (`session_key` varchar(40) NOT NULL PRIMARY KEY, `session_data` longtext NOT NULL, `expire_date` datetime NOT NULL); (params None)
2016-12-04 19:16:23,209 [MainThread:13172] [django.db.backends:89] [utils:execute] [DEBUG]- (0.062) CREATE TABLE `django_session` (`session_key` varchar(40) NOT NULL PRIMARY KEY, `session_data` longtext NOT NULL, `expire_date` datetime NOT NULL); args=None
2016-12-04 19:16:23,240 [MainThread:13172] [django.db.backends:89] [utils:execute] [DEBUG]- (0.032) SELECT engine FROM information_schema.tables WHERE table_name = 'django_session'; args=[u'django_session']
2016-12-04 19:16:23,240 [MainThread:13172] [django.db.backends.schema:98] [schema:execute] [DEBUG]- CREATE INDEX `django_session_de54fa62` ON `django_session` (`expire_date`); (params [])
2016-12-04 19:16:23,319 [MainThread:13172] [django.db.backends:89] [utils:execute] [DEBUG]- (0.078) CREATE INDEX `django_session_de54fa62` ON `django_session` (`expire_date`); args=[]
2016-12-04 19:16:23,365 [MainThread:13172] [django.db.backends:89] [utils:execute] [DEBUG]- (0.047) SHOW FULL TABLES; args=None
2016-12-04 19:16:23,427 [MainThread:13172] [django.db.backends:89] [utils:execute] [DEBUG]- (0.031) INSERT INTO `django_migrations` (`app`, `name`, `applied`) VALUES ('sessions', '0001_initial', '2016-12-04 19:16:23.366000'); args=['sessions', u'0001_initial', u'2016-12-04 19:16:23.366000']
2016-12-04 19:16:23,522 [MainThread:13172] [django.db.backends.schema:98] [schema:execute] [DEBUG]- CREATE TABLE `website_cameradevice` (`id` integer AUTO_INCREMENT NOT NULL PRIMARY KEY, `pid` varchar(32) NULL, `name` varchar(50) NOT NULL, `ip` char(39) NOT NULL, `username` varchar(50) NULL, `password` varchar(50) NULL, `gpslon` varchar(18) NULL, `gpswei` varchar(18) NULL, `updatetime` datetime NULL, `addtime` datetime NOT NULL); (params None)
2016-12-04 19:16:23,599 [MainThread:13172] [django.db.backends:89] [utils:execute] [DEBUG]- (0.078) CREATE TABLE `website_cameradevice` (`id` integer AUTO_INCREMENT NOT NULL PRIMARY KEY, `pid` varchar(32) NULL, `name` varchar(50) NOT NULL, `ip` char(39) NOT NULL, `username` varchar(50) NULL, `password` varchar(50) NULL, `gpslon` varchar(18) NULL, `gpswei` varchar(18) NULL, `updatetime` datetime NULL, `addtime` datetime NOT NULL); args=None
2016-12-04 19:16:23,631 [MainThread:13172] [django.db.backends:89] [utils:execute] [DEBUG]- (0.031) SELECT engine FROM information_schema.tables WHERE table_name = 'website_cameradevice'; args=[u'website_cameradevice']
2016-12-04 19:16:23,647 [MainThread:13172] [django.db.backends.schema:98] [schema:execute] [DEBUG]- CREATE TABLE `website_cameradirection` (`id` integer AUTO_INCREMENT NOT NULL PRIMARY KEY, `name` varchar(50) NOT NULL); (params None)
2016-12-04 19:16:23,694 [MainThread:13172] [django.db.backends:89] [utils:execute] [DEBUG]- (0.047) CREATE TABLE `website_cameradirection` (`id` integer AUTO_INCREMENT NOT NULL PRIMARY KEY, `name` varchar(50) NOT NULL); args=None
2016-12-04 19:16:23,740 [MainThread:13172] [django.db.backends:89] [utils:execute] [DEBUG]- (0.047) SELECT engine FROM information_schema.tables WHERE table_name = 'website_cameradirection'; args=[u'website_cameradirection']
2016-12-04 19:16:23,756 [MainThread:13172] [django.db.backends.schema:98] [schema:execute] [DEBUG]- CREATE TABLE `website_cameratype` (`id` integer AUTO_INCREMENT NOT NULL PRIMARY KEY, `name` varchar(32) NOT NULL); (params None)
2016-12-04 19:16:23,819 [MainThread:13172] [django.db.backends:89] [utils:execute] [DEBUG]- (0.063) CREATE TABLE `website_cameratype` (`id` integer AUTO_INCREMENT NOT NULL PRIMARY KEY, `name` varchar(32) NOT NULL); args=None
2016-12-04 19:16:23,849 [MainThread:13172] [django.db.backends:89] [utils:execute] [DEBUG]- (0.031) SELECT engine FROM information_schema.tables WHERE table_name = 'website_cameratype'; args=[u'website_cameratype']
2016-12-04 19:16:23,865 [MainThread:13172] [django.db.backends.schema:98] [schema:execute] [DEBUG]- CREATE TABLE `website_devicebrand` (`id` integer AUTO_INCREMENT NOT NULL PRIMARY KEY, `name` varchar(32) NOT NULL); (params None)
2016-12-04 19:16:23,927 [MainThread:13172] [django.db.backends:89] [utils:execute] [DEBUG]- (0.062) CREATE TABLE `website_devicebrand` (`id` integer AUTO_INCREMENT NOT NULL PRIMARY KEY, `name` varchar(32) NOT NULL); args=None
2016-12-04 19:16:23,974 [MainThread:13172] [django.db.backends:89] [utils:execute] [DEBUG]- (0.047) SELECT engine FROM information_schema.tables WHERE table_name = 'website_devicebrand'; args=[u'website_devicebrand']
2016-12-04 19:16:23,990 [MainThread:13172] [django.db.backends.schema:98] [schema:execute] [DEBUG]- CREATE TABLE `website_devicefault` (`id` integer AUTO_INCREMENT NOT NULL PRIMARY KEY, `name` varchar(50) NOT NULL); (params None)
2016-12-04 19:16:24,052 [MainThread:13172] [django.db.backends:89] [utils:execute] [DEBUG]- (0.062) CREATE TABLE `website_devicefault` (`id` integer AUTO_INCREMENT NOT NULL PRIMARY KEY, `name` varchar(50) NOT NULL); args=None
2016-12-04 19:16:24,084 [MainThread:13172] [django.db.backends:89] [utils:execute] [DEBUG]- (0.031) SELECT engine FROM information_schema.tables WHERE table_name = 'website_devicefault'; args=[u'website_devicefault']
2016-12-04 19:16:24,099 [MainThread:13172] [django.db.backends.schema:98] [schema:execute] [DEBUG]- CREATE TABLE `website_devicegroup` (`id` integer AUTO_INCREMENT NOT NULL PRIMARY KEY, `name` varchar(50) NOT NULL); (params None)
2016-12-04 19:16:24,163 [MainThread:13172] [django.db.backends:89] [utils:execute] [DEBUG]- (0.063) CREATE TABLE `website_devicegroup` (`id` integer AUTO_INCREMENT NOT NULL PRIMARY KEY, `name` varchar(50) NOT NULL); args=None
2016-12-04 19:16:24,194 [MainThread:13172] [django.db.backends:89] [utils:execute] [DEBUG]- (0.031) SELECT engine FROM information_schema.tables WHERE table_name = 'website_devicegroup'; args=[u'website_devicegroup']
2016-12-04 19:16:24,209 [MainThread:13172] [django.db.backends.schema:98] [schema:execute] [DEBUG]- CREATE TABLE `website_deviceregion` (`id` integer AUTO_INCREMENT NOT NULL PRIMARY KEY, `name` varchar(50) NOT NULL); (params None)
2016-12-04 19:16:24,288 [MainThread:13172] [django.db.backends:89] [utils:execute] [DEBUG]- (0.079) CREATE TABLE `website_deviceregion` (`id` integer AUTO_INCREMENT NOT NULL PRIMARY KEY, `name` varchar(50) NOT NULL); args=None
2016-12-04 19:16:24,319 [MainThread:13172] [django.db.backends:89] [utils:execute] [DEBUG]- (0.031) SELECT engine FROM information_schema.tables WHERE table_name = 'website_deviceregion'; args=[u'website_deviceregion']
2016-12-04 19:16:24,334 [MainThread:13172] [django.db.backends.schema:98] [schema:execute] [DEBUG]- CREATE TABLE `website_devicestatus` (`id` integer AUTO_INCREMENT NOT NULL PRIMARY KEY, `name` varchar(50) NOT NULL); (params None)
2016-12-04 19:16:24,395 [MainThread:13172] [django.db.backends:89] [utils:execute] [DEBUG]- (0.062) CREATE TABLE `website_devicestatus` (`id` integer AUTO_INCREMENT NOT NULL PRIMARY KEY, `name` varchar(50) NOT NULL); args=None
2016-12-04 19:16:24,443 [MainThread:13172] [django.db.backends:89] [utils:execute] [DEBUG]- (0.047) SELECT engine FROM information_schema.tables WHERE table_name = 'website_devicestatus'; args=[u'website_devicestatus']
2016-12-04 19:16:24,457 [MainThread:13172] [django.db.backends.schema:98] [schema:execute] [DEBUG]- CREATE TABLE `website_devicetype` (`id` integer AUTO_INCREMENT NOT NULL PRIMARY KEY, `name` varchar(32) NOT NULL, `brandid_id` integer NOT NULL); (params None)
2016-12-04 19:16:24,505 [MainThread:13172] [django.db.backends:89] [utils:execute] [DEBUG]- (0.047) CREATE TABLE `website_devicetype` (`id` integer AUTO_INCREMENT NOT NULL PRIMARY KEY, `name` varchar(32) NOT NULL, `brandid_id` integer NOT NULL); args=None
2016-12-04 19:16:24,552 [MainThread:13172] [django.db.backends:89] [utils:execute] [DEBUG]- (0.047) SELECT engine FROM information_schema.tables WHERE table_name = 'website_devicetype'; args=[u'website_devicetype']
2016-12-04 19:16:24,568 [MainThread:13172] [django.db.backends.schema:98] [schema:execute] [DEBUG]- CREATE TABLE `website_networkdevice` (`id` integer AUTO_INCREMENT NOT NULL PRIMARY KEY, `name` varchar(32) NOT NULL, `ip` char(39) NOT NULL, `username` varchar(32) NOT NULL, `password` varchar(32) NOT NULL); (params None)
2016-12-04 19:16:24,630 [MainThread:13172] [django.db.backends:89] [utils:execute] [DEBUG]- (0.062) CREATE TABLE `website_networkdevice` (`id` integer AUTO_INCREMENT NOT NULL PRIMARY KEY, `name` varchar(32) NOT NULL, `ip` char(39) NOT NULL, `username` varchar(32) NOT NULL, `password` varchar(32) NOT NULL); args=None
2016-12-04 19:16:24,661 [MainThread:13172] [django.db.backends:89] [utils:execute] [DEBUG]- (0.032) SELECT engine FROM information_schema.tables WHERE table_name = 'website_networkdevice'; args=[u'website_networkdevice']
2016-12-04 19:16:24,677 [MainThread:13172] [django.db.backends.schema:98] [schema:execute] [DEBUG]- CREATE TABLE `website_nvrdevice` (`id` integer AUTO_INCREMENT NOT NULL PRIMARY KEY, `name` varchar(32) NOT NULL, `ip` char(39) NOT NULL, `username` varchar(32) NOT NULL, `password` varchar(32) NOT NULL); (params None)
2016-12-04 19:16:24,740 [MainThread:13172] [django.db.backends:89] [utils:execute] [DEBUG]- (0.063) CREATE TABLE `website_nvrdevice` (`id` integer AUTO_INCREMENT NOT NULL PRIMARY KEY, `name` varchar(32) NOT NULL, `ip` char(39) NOT NULL, `username` varchar(32) NOT NULL, `password` varchar(32) NOT NULL); args=None
2016-12-04 19:16:24,786 [MainThread:13172] [django.db.backends:89] [utils:execute] [DEBUG]- (0.047) SELECT engine FROM information_schema.tables WHERE table_name = 'website_nvrdevice'; args=[u'website_nvrdevice']
2016-12-04 19:16:24,786 [MainThread:13172] [django.db.backends.schema:98] [schema:execute] [DEBUG]- CREATE TABLE `website_powerid` (`id` integer AUTO_INCREMENT NOT NULL PRIMARY KEY, `name` varchar(50) NOT NULL); (params None)
2016-12-04 19:16:24,865 [MainThread:13172] [django.db.backends:89] [utils:execute] [DEBUG]- (0.078) CREATE TABLE `website_powerid` (`id` integer AUTO_INCREMENT NOT NULL PRIMARY KEY, `name` varchar(50) NOT NULL); args=None
2016-12-04 19:16:24,895 [MainThread:13172] [django.db.backends:89] [utils:execute] [DEBUG]- (0.031) SELECT engine FROM information_schema.tables WHERE table_name = 'website_powerid'; args=[u'website_powerid']
2016-12-04 19:16:24,911 [MainThread:13172] [django.db.backends.schema:98] [schema:execute] [DEBUG]- CREATE TABLE `website_powersupply` (`id` integer AUTO_INCREMENT NOT NULL PRIMARY KEY, `name` varchar(32) NOT NULL); (params None)
2016-12-04 19:16:24,957 [MainThread:13172] [django.db.backends:89] [utils:execute] [DEBUG]- (0.046) CREATE TABLE `website_powersupply` (`id` integer AUTO_INCREMENT NOT NULL PRIMARY KEY, `name` varchar(32) NOT NULL); args=None
2016-12-04 19:16:25,005 [MainThread:13172] [django.db.backends:89] [utils:execute] [DEBUG]- (0.047) SELECT engine FROM information_schema.tables WHERE table_name = 'website_powersupply'; args=[u'website_powersupply']
2016-12-04 19:16:25,020 [MainThread:13172] [django.db.backends.schema:98] [schema:execute] [DEBUG]- CREATE TABLE `website_serverhostdevice` (`id` integer AUTO_INCREMENT NOT NULL PRIMARY KEY, `name` varchar(32) NOT NULL, `ip` char(39) NOT NULL, `username` varchar(32) NOT NULL, `password` varchar(32) NOT NULL); (params None)
2016-12-04 19:16:25,082 [MainThread:13172] [django.db.backends:89] [utils:execute] [DEBUG]- (0.062) CREATE TABLE `website_serverhostdevice` (`id` integer AUTO_INCREMENT NOT NULL PRIMARY KEY, `name` varchar(32) NOT NULL, `ip` char(39) NOT NULL, `username` varchar(32) NOT NULL, `password` varchar(32) NOT NULL); args=None
2016-12-04 19:16:25,130 [MainThread:13172] [django.db.backends:89] [utils:execute] [DEBUG]- (0.047) SELECT engine FROM information_schema.tables WHERE table_name = 'website_serverhostdevice'; args=[u'website_serverhostdevice']
2016-12-04 19:16:25,145 [MainThread:13172] [django.db.backends.schema:98] [schema:execute] [DEBUG]- CREATE TABLE `website_telecom` (`id` integer AUTO_INCREMENT NOT NULL PRIMARY KEY, `name` varchar(32) NOT NULL); (params None)
2016-12-04 19:16:25,193 [MainThread:13172] [django.db.backends:89] [utils:execute] [DEBUG]- (0.047) CREATE TABLE `website_telecom` (`id` integer AUTO_INCREMENT NOT NULL PRIMARY KEY, `name` varchar(32) NOT NULL); args=None
2016-12-04 19:16:25,240 [MainThread:13172] [django.db.backends:89] [utils:execute] [DEBUG]- (0.047) SELECT engine FROM information_schema.tables WHERE table_name = 'website_telecom'; args=[u'website_telecom']
2016-12-04 19:16:25,255 [MainThread:13172] [django.db.backends.schema:98] [schema:execute] [DEBUG]- ALTER TABLE `website_cameradevice` ADD COLUMN `brandid_id` integer NOT NULL; (params [])
2016-12-04 19:16:25,331 [MainThread:13172] [django.db.backends:89] [utils:execute] [DEBUG]- (0.076) ALTER TABLE `website_cameradevice` ADD COLUMN `brandid_id` integer NOT NULL; args=[]
2016-12-04 19:16:25,331 [MainThread:13172] [django.db.backends.schema:98] [schema:execute] [DEBUG]- ALTER TABLE `website_cameradevice` ALTER COLUMN `brandid_id` DROP DEFAULT; (params [])
2016-12-04 19:16:25,385 [MainThread:13172] [django.db.backends:89] [utils:execute] [DEBUG]- (0.055) ALTER TABLE `website_cameradevice` ALTER COLUMN `brandid_id` DROP DEFAULT; args=[]
2016-12-04 19:16:25,417 [MainThread:13172] [django.db.backends.schema:98] [schema:execute] [DEBUG]- ALTER TABLE `website_cameradevice` ADD COLUMN `ctypeid_id` integer NOT NULL; (params [])
2016-12-04 19:16:25,480 [MainThread:13172] [django.db.backends:89] [utils:execute] [DEBUG]- (0.062) ALTER TABLE `website_cameradevice` ADD COLUMN `ctypeid_id` integer NOT NULL; args=[]
2016-12-04 19:16:25,480 [MainThread:13172] [django.db.backends.schema:98] [schema:execute] [DEBUG]- ALTER TABLE `website_cameradevice` ALTER COLUMN `ctypeid_id` DROP DEFAULT; (params [])
2016-12-04 19:16:25,542 [MainThread:13172] [django.db.backends:89] [utils:execute] [DEBUG]- (0.063) ALTER TABLE `website_cameradevice` ALTER COLUMN `ctypeid_id` DROP DEFAULT; args=[]
2016-12-04 19:16:25,573 [MainThread:13172] [django.db.backends.schema:98] [schema:execute] [DEBUG]- ALTER TABLE `website_cameradevice` ADD COLUMN `directionid_id` integer NOT NULL; (params [])
2016-12-04 19:16:25,635 [MainThread:13172] [django.db.backends:89] [utils:execute] [DEBUG]- (0.062) ALTER TABLE `website_cameradevice` ADD COLUMN `directionid_id` integer NOT NULL; args=[]
2016-12-04 19:16:25,635 [MainThread:13172] [django.db.backends.schema:98] [schema:execute] [DEBUG]- ALTER TABLE `website_cameradevice` ALTER COLUMN `directionid_id` DROP DEFAULT; (params [])
2016-12-04 19:16:25,683 [MainThread:13172] [django.db.backends:89] [utils:execute] [DEBUG]- (0.047) ALTER TABLE `website_cameradevice` ALTER COLUMN `directionid_id` DROP DEFAULT; args=[]
2016-12-04 19:16:25,730 [MainThread:13172] [django.db.backends.schema:98] [schema:execute] [DEBUG]- ALTER TABLE `website_cameradevice` ADD COLUMN `dtypeid_id` integer NOT NULL; (params [])
2016-12-04 19:16:25,792 [MainThread:13172] [django.db.backends:89] [utils:execute] [DEBUG]- (0.063) ALTER TABLE `website_cameradevice` ADD COLUMN `dtypeid_id` integer NOT NULL; args=[]
2016-12-04 19:16:25,792 [MainThread:13172] [django.db.backends.schema:98] [schema:execute] [DEBUG]- ALTER TABLE `website_cameradevice` ALTER COLUMN `dtypeid_id` DROP DEFAULT; (params [])
2016-12-04 19:16:25,838 [MainThread:13172] [django.db.backends:89] [utils:execute] [DEBUG]- (0.046) ALTER TABLE `website_cameradevice` ALTER COLUMN `dtypeid_id` DROP DEFAULT; args=[]
2016-12-04 19:16:25,871 [MainThread:13172] [django.db.backends.schema:98] [schema:execute] [DEBUG]- ALTER TABLE `website_cameradevice` ADD COLUMN `faultid_id` integer NULL; (params [])
2016-12-04 19:16:25,933 [MainThread:13172] [django.db.backends:89] [utils:execute] [DEBUG]- (0.062) ALTER TABLE `website_cameradevice` ADD COLUMN `faultid_id` integer NULL; args=[]
2016-12-04 19:16:25,933 [MainThread:13172] [django.db.backends.schema:98] [schema:execute] [DEBUG]- ALTER TABLE `website_cameradevice` ALTER COLUMN `faultid_id` DROP DEFAULT; (params [])
2016-12-04 19:16:25,996 [MainThread:13172] [django.db.backends:89] [utils:execute] [DEBUG]- (0.063) ALTER TABLE `website_cameradevice` ALTER COLUMN `faultid_id` DROP DEFAULT; args=[]
2016-12-04 19:16:26,042 [MainThread:13172] [django.db.backends.schema:98] [schema:execute] [DEBUG]- ALTER TABLE `website_cameradevice` ADD COLUMN `groupid_id` integer NOT NULL; (params [])
2016-12-04 19:16:26,105 [MainThread:13172] [django.db.backends:89] [utils:execute] [DEBUG]- (0.062) ALTER TABLE `website_cameradevice` ADD COLUMN `groupid_id` integer NOT NULL; args=[]
2016-12-04 19:16:26,105 [MainThread:13172] [django.db.backends.schema:98] [schema:execute] [DEBUG]- ALTER TABLE `website_cameradevice` ALTER COLUMN `groupid_id` DROP DEFAULT; (params [])
2016-12-04 19:16:26,183 [MainThread:13172] [django.db.backends:89] [utils:execute] [DEBUG]- (0.078) ALTER TABLE `website_cameradevice` ALTER COLUMN `groupid_id` DROP DEFAULT; args=[]
2016-12-04 19:16:26,213 [MainThread:13172] [django.db.backends.schema:98] [schema:execute] [DEBUG]- ALTER TABLE `website_cameradevice` ADD COLUMN `nvrdeviceid_id` integer NULL; (params [])
2016-12-04 19:16:26,292 [MainThread:13172] [django.db.backends:89] [utils:execute] [DEBUG]- (0.079) ALTER TABLE `website_cameradevice` ADD COLUMN `nvrdeviceid_id` integer NULL; args=[]
2016-12-04 19:16:26,292 [MainThread:13172] [django.db.backends.schema:98] [schema:execute] [DEBUG]- ALTER TABLE `website_cameradevice` ALTER COLUMN `nvrdeviceid_id` DROP DEFAULT; (params [])
2016-12-04 19:16:26,355 [MainThread:13172] [django.db.backends:89] [utils:execute] [DEBUG]- (0.062) ALTER TABLE `website_cameradevice` ALTER COLUMN `nvrdeviceid_id` DROP DEFAULT; args=[]
2016-12-04 19:16:26,401 [MainThread:13172] [django.db.backends.schema:98] [schema:execute] [DEBUG]- ALTER TABLE `website_cameradevice` ADD COLUMN `powerid_id` integer NULL; (params [])
2016-12-04 19:16:26,480 [MainThread:13172] [django.db.backends:89] [utils:execute] [DEBUG]- (0.078) ALTER TABLE `website_cameradevice` ADD COLUMN `powerid_id` integer NULL; args=[]
2016-12-04 19:16:26,480 [MainThread:13172] [django.db.backends.schema:98] [schema:execute] [DEBUG]- ALTER TABLE `website_cameradevice` ALTER COLUMN `powerid_id` DROP DEFAULT; (params [])
2016-12-04 19:16:26,542 [MainThread:13172] [django.db.backends:89] [utils:execute] [DEBUG]- (0.063) ALTER TABLE `website_cameradevice` ALTER COLUMN `powerid_id` DROP DEFAULT; args=[]
2016-12-04 19:16:26,588 [MainThread:13172] [django.db.backends.schema:98] [schema:execute] [DEBUG]- ALTER TABLE `website_cameradevice` ADD COLUMN `powersupplyid_id` integer NULL; (params [])
2016-12-04 19:16:26,667 [MainThread:13172] [django.db.backends:89] [utils:execute] [DEBUG]- (0.079) ALTER TABLE `website_cameradevice` ADD COLUMN `powersupplyid_id` integer NULL; args=[]
2016-12-04 19:16:26,667 [MainThread:13172] [django.db.backends.schema:98] [schema:execute] [DEBUG]- ALTER TABLE `website_cameradevice` ALTER COLUMN `powersupplyid_id` DROP DEFAULT; (params [])
2016-12-04 19:16:26,746 [MainThread:13172] [django.db.backends:89] [utils:execute] [DEBUG]- (0.062) ALTER TABLE `website_cameradevice` ALTER COLUMN `powersupplyid_id` DROP DEFAULT; args=[]
2016-12-04 19:16:26,792 [MainThread:13172] [django.db.backends.schema:98] [schema:execute] [DEBUG]- ALTER TABLE `website_cameradevice` ADD COLUMN `regionid_id` integer NOT NULL; (params [])
2016-12-04 19:16:26,855 [MainThread:13172] [django.db.backends:89] [utils:execute] [DEBUG]- (0.062) ALTER TABLE `website_cameradevice` ADD COLUMN `regionid_id` integer NOT NULL; args=[]
2016-12-04 19:16:26,855 [MainThread:13172] [django.db.backends.schema:98] [schema:execute] [DEBUG]- ALTER TABLE `website_cameradevice` ALTER COLUMN `regionid_id` DROP DEFAULT; (params [])
2016-12-04 19:16:26,917 [MainThread:13172] [django.db.backends:89] [utils:execute] [DEBUG]- (0.063) ALTER TABLE `website_cameradevice` ALTER COLUMN `regionid_id` DROP DEFAULT; args=[]
2016-12-04 19:16:26,963 [MainThread:13172] [django.db.backends.schema:98] [schema:execute] [DEBUG]- ALTER TABLE `website_cameradevice` ADD COLUMN `statusid_id` integer NULL; (params [])
2016-12-04 19:16:27,042 [MainThread:13172] [django.db.backends:89] [utils:execute] [DEBUG]- (0.079) ALTER TABLE `website_cameradevice` ADD COLUMN `statusid_id` integer NULL; args=[]
2016-12-04 19:16:27,042 [MainThread:13172] [django.db.backends.schema:98] [schema:execute] [DEBUG]- ALTER TABLE `website_cameradevice` ALTER COLUMN `statusid_id` DROP DEFAULT; (params [])
2016-12-04 19:16:27,105 [MainThread:13172] [django.db.backends:89] [utils:execute] [DEBUG]- (0.062) ALTER TABLE `website_cameradevice` ALTER COLUMN `statusid_id` DROP DEFAULT; args=[]
2016-12-04 19:16:27,151 [MainThread:13172] [django.db.backends.schema:98] [schema:execute] [DEBUG]- ALTER TABLE `website_cameradevice` ADD COLUMN `telecomid_id` integer NOT NULL; (params [])
2016-12-04 19:16:27,230 [MainThread:13172] [django.db.backends:89] [utils:execute] [DEBUG]- (0.062) ALTER TABLE `website_cameradevice` ADD COLUMN `telecomid_id` integer NOT NULL; args=[]
2016-12-04 19:16:27,230 [MainThread:13172] [django.db.backends.schema:98] [schema:execute] [DEBUG]- ALTER TABLE `website_cameradevice` ALTER COLUMN `telecomid_id` DROP DEFAULT; (params [])
2016-12-04 19:16:27,292 [MainThread:13172] [django.db.backends:89] [utils:execute] [DEBUG]- (0.063) ALTER TABLE `website_cameradevice` ALTER COLUMN `telecomid_id` DROP DEFAULT; args=[]
2016-12-04 19:16:27,292 [MainThread:13172] [django.db.backends.schema:98] [schema:execute] [DEBUG]- ALTER TABLE `website_devicetype` ADD CONSTRAINT `website_devicetype_brandid_id_373d12b9_fk_website_devicebrand_id` FOREIGN KEY (`brandid_id`) REFERENCES `website_devicebrand` (`id`); (params [])
2016-12-04 19:16:27,361 [MainThread:13172] [django.db.backends:89] [utils:execute] [DEBUG]- (0.068) ALTER TABLE `website_devicetype` ADD CONSTRAINT `website_devicetype_brandid_id_373d12b9_fk_website_devicebrand_id` FOREIGN KEY (`brandid_id`) REFERENCES `website_devicebrand` (`id`); args=[]
2016-12-04 19:16:27,361 [MainThread:13172] [django.db.backends.schema:98] [schema:execute] [DEBUG]- CREATE INDEX `website_devicetype_a1f33a7f` ON `website_devicetype` (`brandid_id`); (params [])
2016-12-04 19:16:27,423 [MainThread:13172] [django.db.backends:89] [utils:execute] [DEBUG]- (0.062) CREATE INDEX `website_devicetype_a1f33a7f` ON `website_devicetype` (`brandid_id`); args=[]
2016-12-04 19:16:27,423 [MainThread:13172] [django.db.backends.schema:98] [schema:execute] [DEBUG]- CREATE INDEX `website_cameradevice_a1f33a7f` ON `website_cameradevice` (`brandid_id`); (params [])
2016-12-04 19:16:27,486 [MainThread:13172] [django.db.backends:89] [utils:execute] [DEBUG]- (0.063) CREATE INDEX `website_cameradevice_a1f33a7f` ON `website_cameradevice` (`brandid_id`); args=[]
2016-12-04 19:16:27,500 [MainThread:13172] [django.db.backends.schema:98] [schema:execute] [DEBUG]- ALTER TABLE `website_cameradevice` ADD CONSTRAINT `website_cameradevic_brandid_id_a662dcc_fk_website_devicebrand_id` FOREIGN KEY (`brandid_id`) REFERENCES `website_devicebrand` (`id`); (params [])
2016-12-04 19:16:27,563 [MainThread:13172] [django.db.backends:89] [utils:execute] [DEBUG]- (0.063) ALTER TABLE `website_cameradevice` ADD CONSTRAINT `website_cameradevic_brandid_id_a662dcc_fk_website_devicebrand_id` FOREIGN KEY (`brandid_id`) REFERENCES `website_devicebrand` (`id`); args=[]
2016-12-04 19:16:27,563 [MainThread:13172] [django.db.backends.schema:98] [schema:execute] [DEBUG]- CREATE INDEX `website_cameradevice_7ef92b22` ON `website_cameradevice` (`ctypeid_id`); (params [])
2016-12-04 19:16:27,625 [MainThread:13172] [django.db.backends:89] [utils:execute] [DEBUG]- (0.062) CREATE INDEX `website_cameradevice_7ef92b22` ON `website_cameradevice` (`ctypeid_id`); args=[]
2016-12-04 19:16:27,625 [MainThread:13172] [django.db.backends.schema:98] [schema:execute] [DEBUG]- ALTER TABLE `website_cameradevice` ADD CONSTRAINT `website_cameradevic_ctypeid_id_6973eca0_fk_website_cameratype_id` FOREIGN KEY (`ctypeid_id`) REFERENCES `website_cameratype` (`id`); (params [])
2016-12-04 19:16:27,703 [MainThread:13172] [django.db.backends:89] [utils:execute] [DEBUG]- (0.078) ALTER TABLE `website_cameradevice` ADD CONSTRAINT `website_cameradevic_ctypeid_id_6973eca0_fk_website_cameratype_id` FOREIGN KEY (`ctypeid_id`) REFERENCES `website_cameratype` (`id`); args=[]
2016-12-04 19:16:27,703 [MainThread:13172] [django.db.backends.schema:98] [schema:execute] [DEBUG]- CREATE INDEX `website_cameradevice_882ab1d2` ON `website_cameradevice` (`directionid_id`); (params [])
2016-12-04 19:16:27,766 [MainThread:13172] [django.db.backends:89] [utils:execute] [DEBUG]- (0.063) CREATE INDEX `website_cameradevice_882ab1d2` ON `website_cameradevice` (`directionid_id`); args=[]
2016-12-04 19:16:27,766 [MainThread:13172] [django.db.backends.schema:98] [schema:execute] [DEBUG]- ALTER TABLE `website_cameradevice` ADD CONSTRAINT `website_ca_directionid_id_27ae69d4_fk_website_cameradirection_id` FOREIGN KEY (`directionid_id`) REFERENCES `website_cameradirection` (`id`); (params [])
2016-12-04 19:16:27,828 [MainThread:13172] [django.db.backends:89] [utils:execute] [DEBUG]- (0.062) ALTER TABLE `website_cameradevice` ADD CONSTRAINT `website_ca_directionid_id_27ae69d4_fk_website_cameradirection_id` FOREIGN KEY (`directionid_id`) REFERENCES `website_cameradirection` (`id`); args=[]
2016-12-04 19:16:27,828 [MainThread:13172] [django.db.backends.schema:98] [schema:execute] [DEBUG]- CREATE INDEX `website_cameradevice_dd9f8b11` ON `website_cameradevice` (`dtypeid_id`); (params [])
2016-12-04 19:16:27,891 [MainThread:13172] [django.db.backends:89] [utils:execute] [DEBUG]- (0.063) CREATE INDEX `website_cameradevice_dd9f8b11` ON `website_cameradevice` (`dtypeid_id`); args=[]
2016-12-04 19:16:27,891 [MainThread:13172] [django.db.backends.schema:98] [schema:execute] [DEBUG]- ALTER TABLE `website_cameradevice` ADD CONSTRAINT `website_cameradevic_dtypeid_id_55121c75_fk_website_devicetype_id` FOREIGN KEY (`dtypeid_id`) REFERENCES `website_devicetype` (`id`); (params [])
2016-12-04 19:16:27,970 [MainThread:13172] [django.db.backends:89] [utils:execute] [DEBUG]- (0.078) ALTER TABLE `website_cameradevice` ADD CONSTRAINT `website_cameradevic_dtypeid_id_55121c75_fk_website_devicetype_id` FOREIGN KEY (`dtypeid_id`) REFERENCES `website_devicetype` (`id`); args=[]
2016-12-04 19:16:27,970 [MainThread:13172] [django.db.backends.schema:98] [schema:execute] [DEBUG]- CREATE INDEX `website_cameradevice_ab523f14` ON `website_cameradevice` (`faultid_id`); (params [])
2016-12-04 19:16:28,032 [MainThread:13172] [django.db.backends:89] [utils:execute] [DEBUG]- (0.062) CREATE INDEX `website_cameradevice_ab523f14` ON `website_cameradevice` (`faultid_id`); args=[]
2016-12-04 19:16:28,032 [MainThread:13172] [django.db.backends.schema:98] [schema:execute] [DEBUG]- ALTER TABLE `website_cameradevice` ADD CONSTRAINT `website_cameradevi_faultid_id_37379feb_fk_website_devicefault_id` FOREIGN KEY (`faultid_id`) REFERENCES `website_devicefault` (`id`); (params [])
2016-12-04 19:16:28,111 [MainThread:13172] [django.db.backends:89] [utils:execute] [DEBUG]- (0.079) ALTER TABLE `website_cameradevice` ADD CONSTRAINT `website_cameradevi_faultid_id_37379feb_fk_website_devicefault_id` FOREIGN KEY (`faultid_id`) REFERENCES `website_devicefault` (`id`); args=[]
2016-12-04 19:16:28,111 [MainThread:13172] [django.db.backends.schema:98] [schema:execute] [DEBUG]- CREATE INDEX `website_cameradevice_29c2dc04` ON `website_cameradevice` (`groupid_id`); (params [])
2016-12-04 19:16:28,173 [MainThread:13172] [django.db.backends:89] [utils:execute] [DEBUG]- (0.062) CREATE INDEX `website_cameradevice_29c2dc04` ON `website_cameradevice` (`groupid_id`); args=[]
2016-12-04 19:16:28,173 [MainThread:13172] [django.db.backends.schema:98] [schema:execute] [DEBUG]- ALTER TABLE `website_cameradevice` ADD CONSTRAINT `website_cameradevi_groupid_id_396cbc62_fk_website_devicegroup_id` FOREIGN KEY (`groupid_id`) REFERENCES `website_devicegroup` (`id`); (params [])
2016-12-04 19:16:28,236 [MainThread:13172] [django.db.backends:89] [utils:execute] [DEBUG]- (0.063) ALTER TABLE `website_cameradevice` ADD CONSTRAINT `website_cameradevi_groupid_id_396cbc62_fk_website_devicegroup_id` FOREIGN KEY (`groupid_id`) REFERENCES `website_devicegroup` (`id`); args=[]
2016-12-04 19:16:28,236 [MainThread:13172] [django.db.backends.schema:98] [schema:execute] [DEBUG]- CREATE INDEX `website_cameradevice_0a2e9eba` ON `website_cameradevice` (`nvrdeviceid_id`); (params [])
2016-12-04 19:16:28,298 [MainThread:13172] [django.db.backends:89] [utils:execute] [DEBUG]- (0.062) CREATE INDEX `website_cameradevice_0a2e9eba` ON `website_cameradevice` (`nvrdeviceid_id`); args=[]
2016-12-04 19:16:28,298 [MainThread:13172] [django.db.backends.schema:98] [schema:execute] [DEBUG]- ALTER TABLE `website_cameradevice` ADD CONSTRAINT `website_camerade_nvrdeviceid_id_10c32b7f_fk_website_nvrdevice_id` FOREIGN KEY (`nvrdeviceid_id`) REFERENCES `website_nvrdevice` (`id`); (params [])
2016-12-04 19:16:28,362 [MainThread:13172] [django.db.backends:89] [utils:execute] [DEBUG]- (0.061) ALTER TABLE `website_cameradevice` ADD CONSTRAINT `website_camerade_nvrdeviceid_id_10c32b7f_fk_website_nvrdevice_id` FOREIGN KEY (`nvrdeviceid_id`) REFERENCES `website_nvrdevice` (`id`); args=[]
2016-12-04 19:16:28,362 [MainThread:13172] [django.db.backends.schema:98] [schema:execute] [DEBUG]- CREATE INDEX `website_cameradevice_f81ed8ba` ON `website_cameradevice` (`powerid_id`); (params [])
2016-12-04 19:16:28,428 [MainThread:13172] [django.db.backends:89] [utils:execute] [DEBUG]- (0.066) CREATE INDEX `website_cameradevice_f81ed8ba` ON `website_cameradevice` (`powerid_id`); args=[]
2016-12-04 19:16:28,428 [MainThread:13172] [django.db.backends.schema:98] [schema:execute] [DEBUG]- ALTER TABLE `website_cameradevice` ADD CONSTRAINT `website_cameradevice_powerid_id_144a8808_fk_website_powerid_id` FOREIGN KEY (`powerid_id`) REFERENCES `website_powerid` (`id`); (params [])
2016-12-04 19:16:28,492 [MainThread:13172] [django.db.backends:89] [utils:execute] [DEBUG]- (0.063) ALTER TABLE `website_cameradevice` ADD CONSTRAINT `website_cameradevice_powerid_id_144a8808_fk_website_powerid_id` FOREIGN KEY (`powerid_id`) REFERENCES `website_powerid` (`id`); args=[]
2016-12-04 19:16:28,492 [MainThread:13172] [django.db.backends.schema:98] [schema:execute] [DEBUG]- CREATE INDEX `website_cameradevice_aab9111a` ON `website_cameradevice` (`powersupplyid_id`); (params [])
2016-12-04 19:16:28,553 [MainThread:13172] [django.db.backends:89] [utils:execute] [DEBUG]- (0.062) CREATE INDEX `website_cameradevice_aab9111a` ON `website_cameradevice` (`powersupplyid_id`); args=[]
2016-12-04 19:16:28,553 [MainThread:13172] [django.db.backends.schema:98] [schema:execute] [DEBUG]- ALTER TABLE `website_cameradevice` ADD CONSTRAINT `website_came_powersupplyid_id_42d339f5_fk_website_powersupply_id` FOREIGN KEY (`powersupplyid_id`) REFERENCES `website_powersupply` (`id`); (params [])
2016-12-04 19:16:28,631 [MainThread:13172] [django.db.backends:89] [utils:execute] [DEBUG]- (0.078) ALTER TABLE `website_cameradevice` ADD CONSTRAINT `website_came_powersupplyid_id_42d339f5_fk_website_powersupply_id` FOREIGN KEY (`powersupplyid_id`) REFERENCES `website_powersupply` (`id`); args=[]
2016-12-04 19:16:28,631 [MainThread:13172] [django.db.backends.schema:98] [schema:execute] [DEBUG]- CREATE INDEX `website_cameradevice_38739a82` ON `website_cameradevice` (`regionid_id`); (params [])
2016-12-04 19:16:28,694 [MainThread:13172] [django.db.backends:89] [utils:execute] [DEBUG]- (0.063) CREATE INDEX `website_cameradevice_38739a82` ON `website_cameradevice` (`regionid_id`); args=[]
2016-12-04 19:16:28,694 [MainThread:13172] [django.db.backends.schema:98] [schema:execute] [DEBUG]- ALTER TABLE `website_cameradevice` ADD CONSTRAINT `website_camerade_regionid_id_3f102c88_fk_website_deviceregion_id` FOREIGN KEY (`regionid_id`) REFERENCES `website_deviceregion` (`id`); (params [])
2016-12-04 19:16:28,756 [MainThread:13172] [django.db.backends:89] [utils:execute] [DEBUG]- (0.062) ALTER TABLE `website_cameradevice` ADD CONSTRAINT `website_camerade_regionid_id_3f102c88_fk_website_deviceregion_id` FOREIGN KEY (`regionid_id`) REFERENCES `website_deviceregion` (`id`); args=[]
2016-12-04 19:16:28,756 [MainThread:13172] [django.db.backends.schema:98] [schema:execute] [DEBUG]- CREATE INDEX `website_cameradevice_bd646693` ON `website_cameradevice` (`statusid_id`); (params [])
2016-12-04 19:16:28,819 [MainThread:13172] [django.db.backends:89] [utils:execute] [DEBUG]- (0.063) CREATE INDEX `website_cameradevice_bd646693` ON `website_cameradevice` (`statusid_id`); args=[]
2016-12-04 19:16:28,819 [MainThread:13172] [django.db.backends.schema:98] [schema:execute] [DEBUG]- ALTER TABLE `website_cameradevice` ADD CONSTRAINT `website_camerade_statusid_id_1b26fdba_fk_website_devicestatus_id` FOREIGN KEY (`statusid_id`) REFERENCES `website_devicestatus` (`id`); (params [])
2016-12-04 19:16:28,881 [MainThread:13172] [django.db.backends:89] [utils:execute] [DEBUG]- (0.062) ALTER TABLE `website_cameradevice` ADD CONSTRAINT `website_camerade_statusid_id_1b26fdba_fk_website_devicestatus_id` FOREIGN KEY (`statusid_id`) REFERENCES `website_devicestatus` (`id`); args=[]
2016-12-04 19:16:28,881 [MainThread:13172] [django.db.backends.schema:98] [schema:execute] [DEBUG]- CREATE INDEX `website_cameradevice_991e3040` ON `website_cameradevice` (`telecomid_id`); (params [])
2016-12-04 19:16:28,960 [MainThread:13172] [django.db.backends:89] [utils:execute] [DEBUG]- (0.078) CREATE INDEX `website_cameradevice_991e3040` ON `website_cameradevice` (`telecomid_id`); args=[]
2016-12-04 19:16:28,960 [MainThread:13172] [django.db.backends.schema:98] [schema:execute] [DEBUG]- ALTER TABLE `website_cameradevice` ADD CONSTRAINT `website_cameradevice_telecomid_id_1583e6ae_fk_website_telecom_id` FOREIGN KEY (`telecomid_id`) REFERENCES `website_telecom` (`id`); (params [])
2016-12-04 19:16:29,023 [MainThread:13172] [django.db.backends:89] [utils:execute] [DEBUG]- (0.063) ALTER TABLE `website_cameradevice` ADD CONSTRAINT `website_cameradevice_telecomid_id_1583e6ae_fk_website_telecom_id` FOREIGN KEY (`telecomid_id`) REFERENCES `website_telecom` (`id`); args=[]
2016-12-04 19:16:29,069 [MainThread:13172] [django.db.backends:89] [utils:execute] [DEBUG]- (0.047) SHOW FULL TABLES; args=None
2016-12-04 19:16:29,148 [MainThread:13172] [django.db.backends:89] [utils:execute] [DEBUG]- (0.031) INSERT INTO `django_migrations` (`app`, `name`, `applied`) VALUES ('website', '0001_initial', '2016-12-04 19:16:29.070000'); args=['website', u'0001_initial', u'2016-12-04 19:16:29.070000']
2016-12-04 19:16:29,256 [MainThread:13172] [django.db.backends:89] [utils:execute] [DEBUG]- (0.031) SELECT `django_content_type`.`id`, `django_content_type`.`app_label`, `django_content_type`.`model` FROM `django_content_type` WHERE (`django_content_type`.`model` = 'logentry' AND `django_content_type`.`app_label` = 'admin'); args=('logentry', 'admin')
2016-12-04 19:16:29,303 [MainThread:13172] [django.db.backends:89] [utils:execute] [DEBUG]- (0.047) SELECT `django_content_type`.`id`, `django_content_type`.`app_label`, `django_content_type`.`model` FROM `django_content_type` WHERE (`django_content_type`.`model` = 'logentry' AND `django_content_type`.`app_label` = 'admin'); args=('logentry', 'admin')
2016-12-04 19:16:29,381 [MainThread:13172] [django.db.backends:89] [utils:execute] [DEBUG]- (0.047) INSERT INTO `django_content_type` (`app_label`, `model`) VALUES ('admin', 'logentry'); args=['admin', 'logentry']
2016-12-04 19:16:29,492 [MainThread:13172] [django.db.backends:89] [utils:execute] [DEBUG]- (0.032) SELECT `auth_permission`.`content_type_id`, `auth_permission`.`codename` FROM `auth_permission` INNER JOIN `django_content_type` ON ( `auth_permission`.`content_type_id` = `django_content_type`.`id` ) WHERE `auth_permission`.`content_type_id` IN (1) ORDER BY `django_content_type`.`app_label` ASC, `django_content_type`.`model` ASC, `auth_permission`.`codename` ASC; args=(1,)
2016-12-04 19:16:29,569 [MainThread:13172] [django.db.backends:89] [utils:execute] [DEBUG]- (0.031) INSERT INTO `auth_permission` (`name`, `content_type_id`, `codename`) VALUES ('Can add log entry', 1, 'add_logentry'), ('Can change log entry', 1, 'change_logentry'), ('Can delete log entry', 1, 'delete_logentry'); args=(u'Can add log entry', 1, u'add_logentry', u'Can change log entry', 1, u'change_logentry', u'Can delete log entry', 1, u'delete_logentry')
2016-12-04 19:16:29,678 [MainThread:13172] [django.db.backends:89] [utils:execute] [DEBUG]- (0.031) SELECT `django_content_type`.`id`, `django_content_type`.`app_label`, `django_content_type`.`model` FROM `django_content_type` WHERE `django_content_type`.`app_label` = 'admin'; args=('admin',)
2016-12-04 19:16:29,726 [MainThread:13172] [django.db.backends:89] [utils:execute] [DEBUG]- (0.047) SELECT `django_content_type`.`id`, `django_content_type`.`app_label`, `django_content_type`.`model` FROM `django_content_type` WHERE (`django_content_type`.`model` = 'permission' AND `django_content_type`.`app_label` = 'auth'); args=('permission', 'auth')
2016-12-04 19:16:29,756 [MainThread:13172] [django.db.backends:89] [utils:execute] [DEBUG]- (0.031) SELECT `django_content_type`.`id`, `django_content_type`.`app_label`, `django_content_type`.`model` FROM `django_content_type` WHERE (`django_content_type`.`model` = 'permission' AND `django_content_type`.`app_label` = 'auth'); args=('permission', 'auth')
2016-12-04 19:16:29,835 [MainThread:13172] [django.db.backends:89] [utils:execute] [DEBUG]- (0.031) INSERT INTO `django_content_type` (`app_label`, `model`) VALUES ('auth', 'permission'); args=['auth', 'permission']
2016-12-04 19:16:29,944 [MainThread:13172] [django.db.backends:89] [utils:execute] [DEBUG]- (0.031) SELECT `django_content_type`.`id`, `django_content_type`.`app_label`, `django_content_type`.`model` FROM `django_content_type` WHERE (`django_content_type`.`model` = 'group' AND `django_content_type`.`app_label` = 'auth'); args=('group', 'auth')
2016-12-04 19:16:29,992 [MainThread:13172] [django.db.backends:89] [utils:execute] [DEBUG]- (0.047) SELECT `django_content_type`.`id`, `django_content_type`.`app_label`, `django_content_type`.`model` FROM `django_content_type` WHERE (`django_content_type`.`model` = 'group' AND `django_content_type`.`app_label` = 'auth'); args=('group', 'auth')
2016-12-04 19:16:30,053 [MainThread:13172] [django.db.backends:89] [utils:execute] [DEBUG]- (0.031) INSERT INTO `django_content_type` (`app_label`, `model`) VALUES ('auth', 'group'); args=['auth', 'group']
2016-12-04 19:16:30,164 [MainThread:13172] [django.db.backends:89] [utils:execute] [DEBUG]- (0.032) SELECT `django_content_type`.`id`, `django_content_type`.`app_label`, `django_content_type`.`model` FROM `django_content_type` WHERE (`django_content_type`.`model` = 'user' AND `django_content_type`.`app_label` = 'auth'); args=('user', 'auth')
2016-12-04 19:16:30,210 [MainThread:13172] [django.db.backends:89] [utils:execute] [DEBUG]- (0.031) SELECT `django_content_type`.`id`, `django_content_type`.`app_label`, `django_content_type`.`model` FROM `django_content_type` WHERE (`django_content_type`.`model` = 'user' AND `django_content_type`.`app_label` = 'auth'); args=('user', 'auth')
2016-12-04 19:16:30,289 [MainThread:13172] [django.db.backends:89] [utils:execute] [DEBUG]- (0.047) INSERT INTO `django_content_type` (`app_label`, `model`) VALUES ('auth', 'user'); args=['auth', 'user']
2016-12-04 19:16:30,401 [MainThread:13172] [django.db.backends:89] [utils:execute] [DEBUG]- (0.036) SELECT `auth_permission`.`content_type_id`, `auth_permission`.`codename` FROM `auth_permission` INNER JOIN `django_content_type` ON ( `auth_permission`.`content_type_id` = `django_content_type`.`id` ) WHERE `auth_permission`.`content_type_id` IN (2, 3, 4) ORDER BY `django_content_type`.`app_label` ASC, `django_content_type`.`model` ASC, `auth_permission`.`codename` ASC; args=(2, 3, 4)
2016-12-04 19:16:30,479 [MainThread:13172] [django.db.backends:89] [utils:execute] [DEBUG]- (0.047) INSERT INTO `auth_permission` (`name`, `content_type_id`, `codename`) VALUES ('Can add permission', 2, 'add_permission'), ('Can change permission', 2, 'change_permission'), ('Can delete permission', 2, 'delete_permission'), ('Can add group', 3, 'add_group'), ('Can change group', 3, 'change_group'), ('Can delete group', 3, 'delete_group'), ('Can add user', 4, 'add_user'), ('Can change user', 4, 'change_user'), ('Can delete user', 4, 'delete_user'); args=(u'Can add permission', 2, u'add_permission', u'Can change permission', 2, u'change_permission', u'Can delete permission', 2, u'delete_permission', u'Can add group', 3, u'add_group', u'Can change group', 3, u'change_group', u'Can delete group', 3, u'delete_group', u'Can add user', 4, u'add_user', u'Can change user', 4, u'change_user', u'Can delete user', 4, u'delete_user')
2016-12-04 19:16:30,588 [MainThread:13172] [django.db.backends:89] [utils:execute] [DEBUG]- (0.047) SELECT `django_content_type`.`id`, `django_content_type`.`app_label`, `django_content_type`.`model` FROM `django_content_type` WHERE `django_content_type`.`app_label` = 'auth'; args=('auth',)
2016-12-04 19:16:30,618 [MainThread:13172] [django.db.backends:89] [utils:execute] [DEBUG]- (0.031) SELECT `django_content_type`.`id`, `django_content_type`.`app_label`, `django_content_type`.`model` FROM `django_content_type` WHERE (`django_content_type`.`model` = 'contenttype' AND `django_content_type`.`app_label` = 'contenttypes'); args=('contenttype', 'contenttypes')
2016-12-04 19:16:30,665 [MainThread:13172] [django.db.backends:89] [utils:execute] [DEBUG]- (0.047) SELECT `django_content_type`.`id`, `django_content_type`.`app_label`, `django_content_type`.`model` FROM `django_content_type` WHERE (`django_content_type`.`model` = 'contenttype' AND `django_content_type`.`app_label` = 'contenttypes'); args=('contenttype', 'contenttypes')
2016-12-04 19:16:30,743 [MainThread:13172] [django.db.backends:89] [utils:execute] [DEBUG]- (0.046) INSERT INTO `django_content_type` (`app_label`, `model`) VALUES ('contenttypes', 'contenttype'); args=['contenttypes', 'contenttype']
2016-12-04 19:16:30,854 [MainThread:13172] [django.db.backends:89] [utils:execute] [DEBUG]- (0.047) SELECT `auth_permission`.`content_type_id`, `auth_permission`.`codename` FROM `auth_permission` INNER JOIN `django_content_type` ON ( `auth_permission`.`content_type_id` = `django_content_type`.`id` ) WHERE `auth_permission`.`content_type_id` IN (5) ORDER BY `django_content_type`.`app_label` ASC, `django_content_type`.`model` ASC, `auth_permission`.`codename` ASC; args=(5,)
2016-12-04 19:16:30,931 [MainThread:13172] [django.db.backends:89] [utils:execute] [DEBUG]- (0.047) INSERT INTO `auth_permission` (`name`, `content_type_id`, `codename`) VALUES ('Can add content type', 5, 'add_contenttype'), ('Can change content type', 5, 'change_contenttype'), ('Can delete content type', 5, 'delete_contenttype'); args=(u'Can add content type', 5, u'add_contenttype', u'Can change content type', 5, u'change_contenttype', u'Can delete content type', 5, u'delete_contenttype')
2016-12-04 19:16:31,040 [MainThread:13172] [django.db.backends:89] [utils:execute] [DEBUG]- (0.031) SELECT `django_content_type`.`id`, `django_content_type`.`app_label`, `django_content_type`.`model` FROM `django_content_type` WHERE `django_content_type`.`app_label` = 'contenttypes'; args=('contenttypes',)
2016-12-04 19:16:31,072 [MainThread:13172] [django.db.backends:89] [utils:execute] [DEBUG]- (0.032) SELECT `django_content_type`.`id`, `django_content_type`.`app_label`, `django_content_type`.`model` FROM `django_content_type` WHERE (`django_content_type`.`model` = 'session' AND `django_content_type`.`app_label` = 'sessions'); args=('session', 'sessions')
2016-12-04 19:16:31,118 [MainThread:13172] [django.db.backends:89] [utils:execute] [DEBUG]- (0.031) SELECT `django_content_type`.`id`, `django_content_type`.`app_label`, `django_content_type`.`model` FROM `django_content_type` WHERE (`django_content_type`.`model` = 'session' AND `django_content_type`.`app_label` = 'sessions'); args=('session', 'sessions')
2016-12-04 19:16:31,197 [MainThread:13172] [django.db.backends:89] [utils:execute] [DEBUG]- (0.047) INSERT INTO `django_content_type` (`app_label`, `model`) VALUES ('sessions', 'session'); args=['sessions', 'session']
2016-12-04 19:16:31,306 [MainThread:13172] [django.db.backends:89] [utils:execute] [DEBUG]- (0.031) SELECT `auth_permission`.`content_type_id`, `auth_permission`.`codename` FROM `auth_permission` INNER JOIN `django_content_type` ON ( `auth_permission`.`content_type_id` = `django_content_type`.`id` ) WHERE `auth_permission`.`content_type_id` IN (6) ORDER BY `django_content_type`.`app_label` ASC, `django_content_type`.`model` ASC, `auth_permission`.`codename` ASC; args=(6,)
2016-12-04 19:16:31,375 [MainThread:13172] [django.db.backends:89] [utils:execute] [DEBUG]- (0.024) INSERT INTO `auth_permission` (`name`, `content_type_id`, `codename`) VALUES ('Can add session', 6, 'add_session'), ('Can change session', 6, 'change_session'), ('Can delete session', 6, 'delete_session'); args=(u'Can add session', 6, u'add_session', u'Can change session', 6, u'change_session', u'Can delete session', 6, u'delete_session')
2016-12-04 19:16:31,500 [MainThread:13172] [django.db.backends:89] [utils:execute] [DEBUG]- (0.047) SELECT `django_content_type`.`id`, `django_content_type`.`app_label`, `django_content_type`.`model` FROM `django_content_type` WHERE `django_content_type`.`app_label` = 'sessions'; args=('sessions',)
2016-12-04 19:16:31,532 [MainThread:13172] [django.db.backends:89] [utils:execute] [DEBUG]- (0.031) SELECT `django_content_type`.`id`, `django_content_type`.`app_label`, `django_content_type`.`model` FROM `django_content_type` WHERE (`django_content_type`.`model` = 'devicestatus' AND `django_content_type`.`app_label` = 'website'); args=('devicestatus', 'website')
2016-12-04 19:16:31,578 [MainThread:13172] [django.db.backends:89] [utils:execute] [DEBUG]- (0.031) SELECT `django_content_type`.`id`, `django_content_type`.`app_label`, `django_content_type`.`model` FROM `django_content_type` WHERE (`django_content_type`.`model` = 'devicestatus' AND `django_content_type`.`app_label` = 'website'); args=('devicestatus', 'website')
2016-12-04 19:16:31,641 [MainThread:13172] [django.db.backends:89] [utils:execute] [DEBUG]- (0.031) INSERT INTO `django_content_type` (`app_label`, `model`) VALUES ('website', 'devicestatus'); args=['website', 'devicestatus']
2016-12-04 19:16:31,766 [MainThread:13172] [django.db.backends:89] [utils:execute] [DEBUG]- (0.047) SELECT `django_content_type`.`id`, `django_content_type`.`app_label`, `django_content_type`.`model` FROM `django_content_type` WHERE (`django_content_type`.`model` = 'devicefault' AND `django_content_type`.`app_label` = 'website'); args=('devicefault', 'website')
2016-12-04 19:16:31,812 [MainThread:13172] [django.db.backends:89] [utils:execute] [DEBUG]- (0.047) SELECT `django_content_type`.`id`, `django_content_type`.`app_label`, `django_content_type`.`model` FROM `django_content_type` WHERE (`django_content_type`.`model` = 'devicefault' AND `django_content_type`.`app_label` = 'website'); args=('devicefault', 'website')
2016-12-04 19:16:31,891 [MainThread:13172] [django.db.backends:89] [utils:execute] [DEBUG]- (0.031) INSERT INTO `django_content_type` (`app_label`, `model`) VALUES ('website', 'devicefault'); args=['website', 'devicefault']
2016-12-04 19:16:32,000 [MainThread:13172] [django.db.backends:89] [utils:execute] [DEBUG]- (0.032) SELECT `django_content_type`.`id`, `django_content_type`.`app_label`, `django_content_type`.`model` FROM `django_content_type` WHERE (`django_content_type`.`model` = 'devicegroup' AND `django_content_type`.`app_label` = 'website'); args=('devicegroup', 'website')
2016-12-04 19:16:32,032 [MainThread:13172] [django.db.backends:89] [utils:execute] [DEBUG]- (0.031) SELECT `django_content_type`.`id`, `django_content_type`.`app_label`, `django_content_type`.`model` FROM `django_content_type` WHERE (`django_content_type`.`model` = 'devicegroup' AND `django_content_type`.`app_label` = 'website'); args=('devicegroup', 'website')
2016-12-04 19:16:32,109 [MainThread:13172] [django.db.backends:89] [utils:execute] [DEBUG]- (0.031) INSERT INTO `django_content_type` (`app_label`, `model`) VALUES ('website', 'devicegroup'); args=['website', 'devicegroup']
2016-12-04 19:16:32,219 [MainThread:13172] [django.db.backends:89] [utils:execute] [DEBUG]- (0.031) SELECT `django_content_type`.`id`, `django_content_type`.`app_label`, `django_content_type`.`model` FROM `django_content_type` WHERE (`django_content_type`.`model` = 'deviceregion' AND `django_content_type`.`app_label` = 'website'); args=('deviceregion', 'website')
2016-12-04 19:16:32,266 [MainThread:13172] [django.db.backends:89] [utils:execute] [DEBUG]- (0.047) SELECT `django_content_type`.`id`, `django_content_type`.`app_label`, `django_content_type`.`model` FROM `django_content_type` WHERE (`django_content_type`.`model` = 'deviceregion' AND `django_content_type`.`app_label` = 'website'); args=('deviceregion', 'website')
2016-12-04 19:16:32,344 [MainThread:13172] [django.db.backends:89] [utils:execute] [DEBUG]- (0.047) INSERT INTO `django_content_type` (`app_label`, `model`) VALUES ('website', 'deviceregion'); args=['website', 'deviceregion']
2016-12-04 19:16:32,453 [MainThread:13172] [django.db.backends:89] [utils:execute] [DEBUG]- (0.047) SELECT `django_content_type`.`id`, `django_content_type`.`app_label`, `django_content_type`.`model` FROM `django_content_type` WHERE (`django_content_type`.`model` = 'cameradirection' AND `django_content_type`.`app_label` = 'website'); args=('cameradirection', 'website')
2016-12-04 19:16:32,484 [MainThread:13172] [django.db.backends:89] [utils:execute] [DEBUG]- (0.031) SELECT `django_content_type`.`id`, `django_content_type`.`app_label`, `django_content_type`.`model` FROM `django_content_type` WHERE (`django_content_type`.`model` = 'cameradirection' AND `django_content_type`.`app_label` = 'website'); args=('cameradirection', 'website')
2016-12-04 19:16:32,562 [MainThread:13172] [django.db.backends:89] [utils:execute] [DEBUG]- (0.031) INSERT INTO `django_content_type` (`app_label`, `model`) VALUES ('website', 'cameradirection'); args=['website', 'cameradirection']
2016-12-04 19:16:32,671 [MainThread:13172] [django.db.backends:89] [utils:execute] [DEBUG]- (0.031) SELECT `django_content_type`.`id`, `django_content_type`.`app_label`, `django_content_type`.`model` FROM `django_content_type` WHERE (`django_content_type`.`model` = 'cameratype' AND `django_content_type`.`app_label` = 'website'); args=('cameratype', 'website')
2016-12-04 19:16:32,719 [MainThread:13172] [django.db.backends:89] [utils:execute] [DEBUG]- (0.047) SELECT `django_content_type`.`id`, `django_content_type`.`app_label`, `django_content_type`.`model` FROM `django_content_type` WHERE (`django_content_type`.`model` = 'cameratype' AND `django_content_type`.`app_label` = 'website'); args=('cameratype', 'website')
2016-12-04 19:16:32,782 [MainThread:13172] [django.db.backends:89] [utils:execute] [DEBUG]- (0.031) INSERT INTO `django_content_type` (`app_label`, `model`) VALUES ('website', 'cameratype'); args=['website', 'cameratype']
2016-12-04 19:16:32,891 [MainThread:13172] [django.db.backends:89] [utils:execute] [DEBUG]- (0.031) SELECT `django_content_type`.`id`, `django_content_type`.`app_label`, `django_content_type`.`model` FROM `django_content_type` WHERE (`django_content_type`.`model` = 'devicebrand' AND `django_content_type`.`app_label` = 'website'); args=('devicebrand', 'website')
2016-12-04 19:16:32,937 [MainThread:13172] [django.db.backends:89] [utils:execute] [DEBUG]- (0.031) SELECT `django_content_type`.`id`, `django_content_type`.`app_label`, `django_content_type`.`model` FROM `django_content_type` WHERE (`django_content_type`.`model` = 'devicebrand' AND `django_content_type`.`app_label` = 'website'); args=('devicebrand', 'website')
2016-12-04 19:16:33,016 [MainThread:13172] [django.db.backends:89] [utils:execute] [DEBUG]- (0.047) INSERT INTO `django_content_type` (`app_label`, `model`) VALUES ('website', 'devicebrand'); args=['website', 'devicebrand']
2016-12-04 19:16:33,125 [MainThread:13172] [django.db.backends:89] [utils:execute] [DEBUG]- (0.032) SELECT `django_content_type`.`id`, `django_content_type`.`app_label`, `django_content_type`.`model` FROM `django_content_type` WHERE (`django_content_type`.`model` = 'devicetype' AND `django_content_type`.`app_label` = 'website'); args=('devicetype', 'website')
2016-12-04 19:16:33,157 [MainThread:13172] [django.db.backends:89] [utils:execute] [DEBUG]- (0.031) SELECT `django_content_type`.`id`, `django_content_type`.`app_label`, `django_content_type`.`model` FROM `django_content_type` WHERE (`django_content_type`.`model` = 'devicetype' AND `django_content_type`.`app_label` = 'website'); args=('devicetype', 'website')
2016-12-04 19:16:33,234 [MainThread:13172] [django.db.backends:89] [utils:execute] [DEBUG]- (0.031) INSERT INTO `django_content_type` (`app_label`, `model`) VALUES ('website', 'devicetype'); args=['website', 'devicetype']
2016-12-04 19:16:33,355 [MainThread:13172] [django.db.backends:89] [utils:execute] [DEBUG]- (0.042) SELECT `django_content_type`.`id`, `django_content_type`.`app_label`, `django_content_type`.`model` FROM `django_content_type` WHERE (`django_content_type`.`model` = 'telecom' AND `django_content_type`.`app_label` = 'website'); args=('telecom', 'website')
2016-12-04 19:16:33,382 [MainThread:13172] [django.db.backends:89] [utils:execute] [DEBUG]- (0.028) SELECT `django_content_type`.`id`, `django_content_type`.`app_label`, `django_content_type`.`model` FROM `django_content_type` WHERE (`django_content_type`.`model` = 'telecom' AND `django_content_type`.`app_label` = 'website'); args=('telecom', 'website')
2016-12-04 19:16:33,460 [MainThread:13172] [django.db.backends:89] [utils:execute] [DEBUG]- (0.031) INSERT INTO `django_content_type` (`app_label`, `model`) VALUES ('website', 'telecom'); args=['website', 'telecom']
2016-12-04 19:16:33,569 [MainThread:13172] [django.db.backends:89] [utils:execute] [DEBUG]- (0.031) SELECT `django_content_type`.`id`, `django_content_type`.`app_label`, `django_content_type`.`model` FROM `django_content_type` WHERE (`django_content_type`.`model` = 'nvrdevice' AND `django_content_type`.`app_label` = 'website'); args=('nvrdevice', 'website')
2016-12-04 19:16:33,617 [MainThread:13172] [django.db.backends:89] [utils:execute] [DEBUG]- (0.047) SELECT `django_content_type`.`id`, `django_content_type`.`app_label`, `django_content_type`.`model` FROM `django_content_type` WHERE (`django_content_type`.`model` = 'nvrdevice' AND `django_content_type`.`app_label` = 'website'); args=('nvrdevice', 'website')
2016-12-04 19:16:33,680 [MainThread:13172] [django.db.backends:89] [utils:execute] [DEBUG]- (0.032) INSERT INTO `django_content_type` (`app_label`, `model`) VALUES ('website', 'nvrdevice'); args=['website', 'nvrdevice']
2016-12-04 19:16:33,805 [MainThread:13172] [django.db.backends:89] [utils:execute] [DEBUG]- (0.047) SELECT `django_content_type`.`id`, `django_content_type`.`app_label`, `django_content_type`.`model` FROM `django_content_type` WHERE (`django_content_type`.`model` = 'powersupply' AND `django_content_type`.`app_label` = 'website'); args=('powersupply', 'website')
2016-12-04 19:16:33,835 [MainThread:13172] [django.db.backends:89] [utils:execute] [DEBUG]- (0.031) SELECT `django_content_type`.`id`, `django_content_type`.`app_label`, `django_content_type`.`model` FROM `django_content_type` WHERE (`django_content_type`.`model` = 'powersupply' AND `django_content_type`.`app_label` = 'website'); args=('powersupply', 'website')
2016-12-04 19:16:33,914 [MainThread:13172] [django.db.backends:89] [utils:execute] [DEBUG]- (0.048) INSERT INTO `django_content_type` (`app_label`, `model`) VALUES ('website', 'powersupply'); args=['website', 'powersupply']
2016-12-04 19:16:34,016 [MainThread:13172] [django.db.backends:89] [utils:execute] [DEBUG]- (0.031) SELECT `django_content_type`.`id`, `django_content_type`.`app_label`, `django_content_type`.`model` FROM `django_content_type` WHERE (`django_content_type`.`model` = 'powerid' AND `django_content_type`.`app_label` = 'website'); args=('powerid', 'website')
2016-12-04 19:16:34,063 [MainThread:13172] [django.db.backends:89] [utils:execute] [DEBUG]- (0.047) SELECT `django_content_type`.`id`, `django_content_type`.`app_label`, `django_content_type`.`model` FROM `django_content_type` WHERE (`django_content_type`.`model` = 'powerid' AND `django_content_type`.`app_label` = 'website'); args=('powerid', 'website')
2016-12-04 19:16:34,141 [MainThread:13172] [django.db.backends:89] [utils:execute] [DEBUG]- (0.047) INSERT INTO `django_content_type` (`app_label`, `model`) VALUES ('website', 'powerid'); args=['website', 'powerid']
2016-12-04 19:16:34,250 [MainThread:13172] [django.db.backends:89] [utils:execute] [DEBUG]- (0.046) SELECT `django_content_type`.`id`, `django_content_type`.`app_label`, `django_content_type`.`model` FROM `django_content_type` WHERE (`django_content_type`.`model` = 'networkdevice' AND `django_content_type`.`app_label` = 'website'); args=('networkdevice', 'website')
2016-12-04 19:16:34,282 [MainThread:13172] [django.db.backends:89] [utils:execute] [DEBUG]- (0.032) SELECT `django_content_type`.`id`, `django_content_type`.`app_label`, `django_content_type`.`model` FROM `django_content_type` WHERE (`django_content_type`.`model` = 'networkdevice' AND `django_content_type`.`app_label` = 'website'); args=('networkdevice', 'website')
2016-12-04 19:16:34,361 [MainThread:13172] [django.db.backends:89] [utils:execute] [DEBUG]- (0.031) INSERT INTO `django_content_type` (`app_label`, `model`) VALUES ('website', 'networkdevice'); args=['website', 'networkdevice']
2016-12-04 19:16:34,470 [MainThread:13172] [django.db.backends:89] [utils:execute] [DEBUG]- (0.031) SELECT `django_content_type`.`id`, `django_content_type`.`app_label`, `django_content_type`.`model` FROM `django_content_type` WHERE (`django_content_type`.`model` = 'serverhostdevice' AND `django_content_type`.`app_label` = 'website'); args=('serverhostdevice', 'website')
2016-12-04 19:16:34,516 [MainThread:13172] [django.db.backends:89] [utils:execute] [DEBUG]- (0.047) SELECT `django_content_type`.`id`, `django_content_type`.`app_label`, `django_content_type`.`model` FROM `django_content_type` WHERE (`django_content_type`.`model` = 'serverhostdevice' AND `django_content_type`.`app_label` = 'website'); args=('serverhostdevice', 'website')
2016-12-04 19:16:34,579 [MainThread:13172] [django.db.backends:89] [utils:execute] [DEBUG]- (0.032) INSERT INTO `django_content_type` (`app_label`, `model`) VALUES ('website', 'serverhostdevice'); args=['website', 'serverhostdevice']
2016-12-04 19:16:34,688 [MainThread:13172] [django.db.backends:89] [utils:execute] [DEBUG]- (0.031) SELECT `django_content_type`.`id`, `django_content_type`.`app_label`, `django_content_type`.`model` FROM `django_content_type` WHERE (`django_content_type`.`model` = 'cameradevice' AND `django_content_type`.`app_label` = 'website'); args=('cameradevice', 'website')
2016-12-04 19:16:34,736 [MainThread:13172] [django.db.backends:89] [utils:execute] [DEBUG]- (0.047) SELECT `django_content_type`.`id`, `django_content_type`.`app_label`, `django_content_type`.`model` FROM `django_content_type` WHERE (`django_content_type`.`model` = 'cameradevice' AND `django_content_type`.`app_label` = 'website'); args=('cameradevice', 'website')
2016-12-04 19:16:34,813 [MainThread:13172] [django.db.backends:89] [utils:execute] [DEBUG]- (0.047) INSERT INTO `django_content_type` (`app_label`, `model`) VALUES ('website', 'cameradevice'); args=['website', 'cameradevice']
2016-12-04 19:16:34,923 [MainThread:13172] [django.db.backends:89] [utils:execute] [DEBUG]- (0.047) SELECT `auth_permission`.`content_type_id`, `auth_permission`.`codename` FROM `auth_permission` INNER JOIN `django_content_type` ON ( `auth_permission`.`content_type_id` = `django_content_type`.`id` ) WHERE `auth_permission`.`content_type_id` IN (7, 8, 9, 10, 11, 12, 13, 14, 15, 16, 17, 18, 19, 20, 21) ORDER BY `django_content_type`.`app_label` ASC, `django_content_type`.`model` ASC, `auth_permission`.`codename` ASC; args=(7, 8, 9, 10, 11, 12, 13, 14, 15, 16, 17, 18, 19, 20, 21)
2016-12-04 19:16:35,000 [MainThread:13172] [django.db.backends:89] [utils:execute] [DEBUG]- (0.046) INSERT INTO `auth_permission` (`name`, `content_type_id`, `codename`) VALUES ('Can add device status', 7, 'add_devicestatus'), ('Can change device status', 7, 'change_devicestatus'), ('Can delete device status', 7, 'delete_devicestatus'), ('Can add device fault', 8, 'add_devicefault'), ('Can change device fault', 8, 'change_devicefault'), ('Can delete device fault', 8, 'delete_devicefault'), ('Can add device group', 9, 'add_devicegroup'), ('Can change device group', 9, 'change_devicegroup'), ('Can delete device group', 9, 'delete_devicegroup'), ('Can add device region', 10, 'add_deviceregion'), ('Can change device region', 10, 'change_deviceregion'), ('Can delete device region', 10, 'delete_deviceregion'), ('Can add camera direction', 11, 'add_cameradirection'), ('Can change camera direction', 11, 'change_cameradirection'), ('Can delete camera direction', 11, 'delete_cameradirection'), ('Can add camera type', 12, 'add_cameratype'), ('Can change camera type', 12, 'change_cameratype'), ('Can delete camera type', 12, 'delete_cameratype'), ('Can add device brand', 13, 'add_devicebrand'), ('Can change device brand', 13, 'change_devicebrand'), ('Can delete device brand', 13, 'delete_devicebrand'), ('Can add device type', 14, 'add_devicetype'), ('Can change device type', 14, 'change_devicetype'), ('Can delete device type', 14, 'delete_devicetype'), ('Can add telecom', 15, 'add_telecom'), ('Can change telecom', 15, 'change_telecom'), ('Can delete telecom', 15, 'delete_telecom'), ('Can add nvr device', 16, 'add_nvrdevice'), ('Can change nvr device', 16, 'change_nvrdevice'), ('Can delete nvr device', 16, 'delete_nvrdevice'), ('Can add power supply', 17, 'add_powersupply'), ('Can change power supply', 17, 'change_powersupply'), ('Can delete power supply', 17, 'delete_powersupply'), ('Can add power id', 18, 'add_powerid'), ('Can change power id', 18, 'change_powerid'), ('Can delete power id', 18, 'delete_powerid'), ('Can add network device', 19, 'add_networkdevice'), ('Can change network device', 19, 'change_networkdevice'), ('Can delete network device', 19, 'delete_networkdevice'), ('Can add server host device', 20, 'add_serverhostdevice'), ('Can change server host device', 20, 'change_serverhostdevice'), ('Can delete server host device', 20, 'delete_serverhostdevice'), ('Can add camera device', 21, 'add_cameradevice'), ('Can change camera device', 21, 'change_cameradevice'), ('Can delete camera device', 21, 'delete_cameradevice'); args=(u'Can add device status', 7, u'add_devicestatus', u'Can change device status', 7, u'change_devicestatus', u'Can delete device status', 7, u'delete_devicestatus', u'Can add device fault', 8, u'add_devicefault', u'Can change device fault', 8, u'change_devicefault', u'Can delete device fault', 8, u'delete_devicefault', u'Can add device group', 9, u'add_devicegroup', u'Can change device group', 9, u'change_devicegroup', u'Can delete device group', 9, u'delete_devicegroup', u'Can add device region', 10, u'add_deviceregion', u'Can change device region', 10, u'change_deviceregion', u'Can delete device region', 10, u'delete_deviceregion', u'Can add camera direction', 11, u'add_cameradirection', u'Can change camera direction', 11, u'change_cameradirection', u'Can delete camera direction', 11, u'delete_cameradirection', u'Can add camera type', 12, u'add_cameratype', u'Can change camera type', 12, u'change_cameratype', u'Can delete camera type', 12, u'delete_cameratype', u'Can add device brand', 13, u'add_devicebrand', u'Can change device brand', 13, u'change_devicebrand', u'Can delete device brand', 13, u'delete_devicebrand', u'Can add device type', 14, u'add_devicetype', u'Can change device type', 14, u'change_devicetype', u'Can delete device type', 14, u'delete_devicetype', u'Can add telecom', 15, u'add_telecom', u'Can change telecom', 15, u'change_telecom', u'Can delete telecom', 15, u'delete_telecom', u'Can add nvr device', 16, u'add_nvrdevice', u'Can change nvr device', 16, u'change_nvrdevice', u'Can delete nvr device', 16, u'delete_nvrdevice', u'Can add power supply', 17, u'add_powersupply', u'Can change power supply', 17, u'change_powersupply', u'Can delete power supply', 17, u'delete_powersupply', u'Can add power id', 18, u'add_powerid', u'Can change power id', 18, u'change_powerid', u'Can delete power id', 18, u'delete_powerid', u'Can add network device', 19, u'add_networkdevice', u'Can change network device', 19, u'change_networkdevice', u'Can delete network device', 19, u'delete_networkdevice', u'Can add server host device', 20, u'add_serverhostdevice', u'Can change server host device', 20, u'change_serverhostdevice', u'Can delete server host device', 20, u'delete_serverhostdevice', u'Can add camera device', 21, u'add_cameradevice', u'Can change camera device', 21, u'change_cameradevice', u'Can delete camera device', 21, u'delete_cameradevice')
2016-12-04 19:16:35,125 [MainThread:13172] [django.db.backends:89] [utils:execute] [DEBUG]- (0.046) SELECT `django_content_type`.`id`, `django_content_type`.`app_label`, `django_content_type`.`model` FROM `django_content_type` WHERE `django_content_type`.`app_label` = 'website'; args=('website',)
2016-12-04 19:17:00,436 [Dummy-1:10872] [django.db.backends:89] [utils:execute] [DEBUG]- (0.047) SET SQL_AUTO_IS_NULL = 0; args=None
2016-12-04 19:17:00,733 [Dummy-1:10872] [django.db.backends:89] [utils:execute] [DEBUG]- (0.047) SET SQL_AUTO_IS_NULL = 0; args=None
2016-12-04 19:17:00,779 [Dummy-1:10872] [django.db.backends:89] [utils:execute] [DEBUG]- (0.047) SHOW FULL TABLES; args=None
2016-12-04 19:17:00,811 [Dummy-1:10872] [django.db.backends:89] [utils:execute] [DEBUG]- (0.031) SELECT `django_migrations`.`app`, `django_migrations`.`name` FROM `django_migrations`; args=()
2016-12-04 19:19:41,734 [Dummy-1:3872] [django.db.backends:89] [utils:execute] [DEBUG]- (0.040) SET SQL_AUTO_IS_NULL = 0; args=None
2016-12-04 19:19:42,315 [Dummy-1:3872] [django.db.backends:89] [utils:execute] [DEBUG]- (0.036) SET SQL_AUTO_IS_NULL = 0; args=None
2016-12-04 19:19:42,362 [Dummy-1:3872] [django.db.backends:89] [utils:execute] [DEBUG]- (0.048) SHOW FULL TABLES; args=None
2016-12-04 19:19:42,454 [Dummy-1:3872] [django.db.backends:89] [utils:execute] [DEBUG]- (0.044) SELECT `django_migrations`.`app`, `django_migrations`.`name` FROM `django_migrations`; args=()
2016-12-04 19:21:08,223 [Dummy-1:12304] [django.db.backends:89] [utils:execute] [DEBUG]- (0.040) SET SQL_AUTO_IS_NULL = 0; args=None
2016-12-04 19:21:08,523 [Dummy-1:12304] [django.db.backends:89] [utils:execute] [DEBUG]- (0.036) SET SQL_AUTO_IS_NULL = 0; args=None
2016-12-04 19:21:08,571 [Dummy-1:12304] [django.db.backends:89] [utils:execute] [DEBUG]- (0.048) SHOW FULL TABLES; args=None
2016-12-04 19:21:08,611 [Dummy-1:12304] [django.db.backends:89] [utils:execute] [DEBUG]- (0.040) SELECT `django_migrations`.`app`, `django_migrations`.`name` FROM `django_migrations`; args=()
2016-12-04 22:00:09,964 [Dummy-1:12440] [django.db.backends:89] [utils:execute] [DEBUG]- (0.031) SET SQL_AUTO_IS_NULL = 0; args=None
2016-12-04 22:00:10,364 [Dummy-1:12440] [django.db.backends:89] [utils:execute] [DEBUG]- (0.030) SET SQL_AUTO_IS_NULL = 0; args=None
2016-12-04 22:00:10,426 [Dummy-1:12440] [django.db.backends:89] [utils:execute] [DEBUG]- (0.047) SHOW FULL TABLES; args=None
2016-12-04 22:00:10,536 [Dummy-1:12440] [django.db.backends:89] [utils:execute] [DEBUG]- (0.047) SELECT `django_migrations`.`app`, `django_migrations`.`name` FROM `django_migrations`; args=()
2017-01-01 13:09:25,201 [Dummy-1:7224] [django.db.backends:89] [utils:execute] [DEBUG]- (0.033) SET SQL_AUTO_IS_NULL = 0; args=None
2017-01-01 13:09:25,786 [Dummy-1:7224] [django.db.backends:89] [utils:execute] [DEBUG]- (0.034) SET SQL_AUTO_IS_NULL = 0; args=None
2017-01-01 13:09:25,829 [Dummy-1:7224] [django.db.backends:89] [utils:execute] [DEBUG]- (0.044) SHOW FULL TABLES; args=None
2017-01-01 13:09:25,940 [Dummy-1:7224] [django.db.backends:89] [utils:execute] [DEBUG]- (0.035) SELECT `django_migrations`.`app`, `django_migrations`.`name` FROM `django_migrations`; args=()
2017-01-16 14:43:46,825 [Dummy-1:11128] [django.db.backends:89] [utils:execute] [DEBUG]- (0.038) SET SQL_AUTO_IS_NULL = 0; args=None
2017-01-16 14:43:47,338 [Dummy-1:11128] [django.db.backends:89] [utils:execute] [DEBUG]- (0.039) SET SQL_AUTO_IS_NULL = 0; args=None
2017-01-16 14:43:47,387 [Dummy-1:11128] [django.db.backends:89] [utils:execute] [DEBUG]- (0.048) SHOW FULL TABLES; args=None
2017-01-16 14:43:47,433 [Dummy-1:11128] [django.db.backends:89] [utils:execute] [DEBUG]- (0.041) SELECT `django_migrations`.`app`, `django_migrations`.`name` FROM `django_migrations`; args=()
2017-01-16 14:44:54,832 [Dummy-1:5704] [django.db.backends:89] [utils:execute] [DEBUG]- (0.031) SET SQL_AUTO_IS_NULL = 0; args=None
2017-01-16 14:44:55,101 [Dummy-1:5704] [django.db.backends:89] [utils:execute] [DEBUG]- (0.053) SET SQL_AUTO_IS_NULL = 0; args=None
2017-01-16 14:44:55,131 [Dummy-1:5704] [django.db.backends:89] [utils:execute] [DEBUG]- (0.031) SHOW FULL TABLES; args=None
2017-01-16 14:44:55,170 [Dummy-1:5704] [django.db.backends:89] [utils:execute] [DEBUG]- (0.038) SELECT `django_migrations`.`app`, `django_migrations`.`name` FROM `django_migrations`; args=()
